-- The C compiler identification is GNU 11.4.0
-- The CXX compiler identification is GNU 11.4.0
-- Detecting C compiler ABI info
-- Detecting C compiler ABI info - done
-- Check for working C compiler: /usr/bin/cc - skipped
-- Detecting C compile features
-- Detecting C compile features - done
-- Detecting CXX compiler ABI info
-- Detecting CXX compiler ABI info - done
-- Check for working CXX compiler: /usr/bin/c++ - skipped
-- Detecting CXX compile features
-- Detecting CXX compile features - done
-- Found ament_cmake: 1.3.8 (/opt/ros/humble/share/ament_cmake/cmake)
-- Found Python3: /usr/bin/python3 (found version "3.10.12") found components: Interpreter 
-- Override CMake install command with custom implementation using symlinks instead of copying resources
-- Found ament_lint_auto: 0.12.10 (/opt/ros/humble/share/ament_lint_auto/cmake)
-- Added test 'cppcheck' to perform static code analysis on C / C++ code
-- Configured cppcheck include dirs: 
-- Configured cppcheck exclude dirs and/or files: 
-- Added test 'flake8' to check Python code syntax and style conventions
-- Added test 'lint_cmake' to check CMake code style
-- Added test 'pep257' to check Python code against some of the docstring style conventions in PEP 257
-- Added test 'uncrustify' to check C / C++ code style
-- Configured uncrustify additional arguments: 
-- Added test 'xmllint' to check XML markup files
-- Configuring done
-- Generating done
-- Build files have been written to: /home/ubuntutbc/mtbc1_ws/src/MockTurtleBotC1/mtbc1_description/build/mtbc1_description
-- Install configuration: ""
-- Execute custom install script
-- Symlinking: /home/ubuntutbc/mtbc1_ws/src/MockTurtleBotC1/mtbc1_description/install/mtbc1_description/share/mtbc1_description/src/description/mtbc1_description.urdf
-- Symlinking: /home/ubuntutbc/mtbc1_ws/src/MockTurtleBotC1/mtbc1_description/install/mtbc1_description/share/mtbc1_description/src/description/mtbc1_description.xacro
-- Symlinking: /home/ubuntutbc/mtbc1_ws/src/MockTurtleBotC1/mtbc1_description/install/mtbc1_description/share/mtbc1_description/launch/display.launch.py
-- Symlinking: /home/ubuntutbc/mtbc1_ws/src/MockTurtleBotC1/mtbc1_description/install/mtbc1_description/share/mtbc1_description/rviz/urdf.config.rviz
-- Symlinking: /home/ubuntutbc/mtbc1_ws/src/MockTurtleBotC1/mtbc1_description/install/mtbc1_description/share/mtbc1_description/urdf/mtbc1_description.xacro
-- Symlinking: /home/ubuntutbc/mtbc1_ws/src/MockTurtleBotC1/mtbc1_description/install/mtbc1_description/share/ament_index/resource_index/package_run_dependencies/mtbc1_description
-- Symlinking: /home/ubuntutbc/mtbc1_ws/src/MockTurtleBotC1/mtbc1_description/install/mtbc1_description/share/ament_index/resource_index/parent_prefix_path/mtbc1_description
-- Symlinking: /home/ubuntutbc/mtbc1_ws/src/MockTurtleBotC1/mtbc1_description/install/mtbc1_description/share/mtbc1_description/environment/ament_prefix_path.sh
-- Symlinking: /home/ubuntutbc/mtbc1_ws/src/MockTurtleBotC1/mtbc1_description/install/mtbc1_description/share/mtbc1_description/environment/ament_prefix_path.dsv
-- Symlinking: /home/ubuntutbc/mtbc1_ws/src/MockTurtleBotC1/mtbc1_description/install/mtbc1_description/share/mtbc1_description/environment/path.sh
-- Symlinking: /home/ubuntutbc/mtbc1_ws/src/MockTurtleBotC1/mtbc1_description/install/mtbc1_description/share/mtbc1_description/environment/path.dsv
-- Symlinking: /home/ubuntutbc/mtbc1_ws/src/MockTurtleBotC1/mtbc1_description/install/mtbc1_description/share/mtbc1_description/local_setup.bash
-- Symlinking: /home/ubuntutbc/mtbc1_ws/src/MockTurtleBotC1/mtbc1_description/install/mtbc1_description/share/mtbc1_description/local_setup.sh
-- Symlinking: /home/ubuntutbc/mtbc1_ws/src/MockTurtleBotC1/mtbc1_description/install/mtbc1_description/share/mtbc1_description/local_setup.zsh
-- Symlinking: /home/ubuntutbc/mtbc1_ws/src/MockTurtleBotC1/mtbc1_description/install/mtbc1_description/share/mtbc1_description/local_setup.dsv
-- Symlinking: /home/ubuntutbc/mtbc1_ws/src/MockTurtleBotC1/mtbc1_description/install/mtbc1_description/share/mtbc1_description/package.dsv
-- Symlinking: /home/ubuntutbc/mtbc1_ws/src/MockTurtleBotC1/mtbc1_description/install/mtbc1_description/share/ament_index/resource_index/packages/mtbc1_description
-- Symlinking: /home/ubuntutbc/mtbc1_ws/src/MockTurtleBotC1/mtbc1_description/install/mtbc1_description/share/mtbc1_description/cmake/mtbc1_descriptionConfig.cmake
-- Symlinking: /home/ubuntutbc/mtbc1_ws/src/MockTurtleBotC1/mtbc1_description/install/mtbc1_description/share/mtbc1_description/cmake/mtbc1_descriptionConfig-version.cmake
-- Symlinking: /home/ubuntutbc/mtbc1_ws/src/MockTurtleBotC1/mtbc1_description/install/mtbc1_description/share/mtbc1_description/package.xml
