[0.010s] Invoking command in '/home/ubuntutbc/mtbc1_ws/src/MockTurtleBotC1/mtbc1_description/build/mtbc1_description': CMAKE_PREFIX_PATH=${CMAKE_PREFIX_PATH}:/opt/ros/humble /usr/bin/cmake /home/ubuntutbc/mtbc1_ws/src/MockTurtleBotC1/mtbc1_description -DAMENT_CMAKE_SYMLINK_INSTALL=1 -DCMAKE_INSTALL_PREFIX=/home/ubuntutbc/mtbc1_ws/src/MockTurtleBotC1/mtbc1_description/install/mtbc1_description
[0.103s] -- The C compiler identification is GNU 11.4.0
[0.167s] -- The CXX compiler identification is GNU 11.4.0
[0.178s] -- Detecting C compiler ABI info
[0.223s] -- Detecting C compiler ABI info - done
[0.229s] -- Check for working C compiler: /usr/bin/cc - skipped
[0.229s] -- Detecting C compile features
[0.230s] -- Detecting C compile features - done
[0.233s] -- Detecting CXX compiler ABI info
[0.285s] -- Detecting CXX compiler ABI info - done
[0.290s] -- Check for working CXX compiler: /usr/bin/c++ - skipped
[0.290s] -- Detecting CXX compile features
[0.291s] -- Detecting CXX compile features - done
[0.304s] -- Found ament_cmake: 1.3.8 (/opt/ros/humble/share/ament_cmake/cmake)
[0.403s] -- Found Python3: /usr/bin/python3 (found version "3.10.12") found components: Interpreter 
[0.462s] -- Override CMake install command with custom implementation using symlinks instead of copying resources
[0.529s] -- Found ament_lint_auto: 0.12.10 (/opt/ros/humble/share/ament_lint_auto/cmake)
[0.618s] -- Added test 'cppcheck' to perform static code analysis on C / C++ code
[0.618s] -- Configured cppcheck include dirs: 
[0.618s] -- Configured cppcheck exclude dirs and/or files: 
[0.619s] -- Added test 'flake8' to check Python code syntax and style conventions
[0.621s] -- Added test 'lint_cmake' to check CMake code style
[0.622s] -- Added test 'pep257' to check Python code against some of the docstring style conventions in PEP 257
[0.628s] -- Added test 'uncrustify' to check C / C++ code style
[0.628s] -- Configured uncrustify additional arguments: 
[0.629s] -- Added test 'xmllint' to check XML markup files
[0.634s] -- Configuring done
[0.638s] -- Generating done
[0.639s] -- Build files have been written to: /home/ubuntutbc/mtbc1_ws/src/MockTurtleBotC1/mtbc1_description/build/mtbc1_description
[0.644s] Invoked command in '/home/ubuntutbc/mtbc1_ws/src/MockTurtleBotC1/mtbc1_description/build/mtbc1_description' returned '0': CMAKE_PREFIX_PATH=${CMAKE_PREFIX_PATH}:/opt/ros/humble /usr/bin/cmake /home/ubuntutbc/mtbc1_ws/src/MockTurtleBotC1/mtbc1_description -DAMENT_CMAKE_SYMLINK_INSTALL=1 -DCMAKE_INSTALL_PREFIX=/home/ubuntutbc/mtbc1_ws/src/MockTurtleBotC1/mtbc1_description/install/mtbc1_description
[0.646s] Invoking command in '/home/ubuntutbc/mtbc1_ws/src/MockTurtleBotC1/mtbc1_description/build/mtbc1_description': CMAKE_PREFIX_PATH=${CMAKE_PREFIX_PATH}:/opt/ros/humble /usr/bin/cmake --build /home/ubuntutbc/mtbc1_ws/src/MockTurtleBotC1/mtbc1_description/build/mtbc1_description -- -j4 -l4
[0.669s] Invoked command in '/home/ubuntutbc/mtbc1_ws/src/MockTurtleBotC1/mtbc1_description/build/mtbc1_description' returned '0': CMAKE_PREFIX_PATH=${CMAKE_PREFIX_PATH}:/opt/ros/humble /usr/bin/cmake --build /home/ubuntutbc/mtbc1_ws/src/MockTurtleBotC1/mtbc1_description/build/mtbc1_description -- -j4 -l4
[0.686s] Invoking command in '/home/ubuntutbc/mtbc1_ws/src/MockTurtleBotC1/mtbc1_description/build/mtbc1_description': CMAKE_PREFIX_PATH=${CMAKE_PREFIX_PATH}:/opt/ros/humble /usr/bin/cmake --install /home/ubuntutbc/mtbc1_ws/src/MockTurtleBotC1/mtbc1_description/build/mtbc1_description
[0.691s] -- Install configuration: ""
[0.691s] -- Execute custom install script
[0.691s] -- Symlinking: /home/ubuntutbc/mtbc1_ws/src/MockTurtleBotC1/mtbc1_description/install/mtbc1_description/share/mtbc1_description/src/description/mtbc1_description.urdf
[0.698s] -- Symlinking: /home/ubuntutbc/mtbc1_ws/src/MockTurtleBotC1/mtbc1_description/install/mtbc1_description/share/mtbc1_description/src/description/mtbc1_description.xacro
[0.703s] -- Symlinking: /home/ubuntutbc/mtbc1_ws/src/MockTurtleBotC1/mtbc1_description/install/mtbc1_description/share/mtbc1_description/launch/display.launch.py
[0.707s] -- Symlinking: /home/ubuntutbc/mtbc1_ws/src/MockTurtleBotC1/mtbc1_description/install/mtbc1_description/share/mtbc1_description/rviz/urdf.config.rviz
[0.711s] -- Symlinking: /home/ubuntutbc/mtbc1_ws/src/MockTurtleBotC1/mtbc1_description/install/mtbc1_description/share/mtbc1_description/urdf/mtbc1_description.xacro
[0.715s] -- Symlinking: /home/ubuntutbc/mtbc1_ws/src/MockTurtleBotC1/mtbc1_description/install/mtbc1_description/share/ament_index/resource_index/package_run_dependencies/mtbc1_description
[0.719s] -- Symlinking: /home/ubuntutbc/mtbc1_ws/src/MockTurtleBotC1/mtbc1_description/install/mtbc1_description/share/ament_index/resource_index/parent_prefix_path/mtbc1_description
[0.724s] -- Symlinking: /home/ubuntutbc/mtbc1_ws/src/MockTurtleBotC1/mtbc1_description/install/mtbc1_description/share/mtbc1_description/environment/ament_prefix_path.sh
[0.729s] -- Symlinking: /home/ubuntutbc/mtbc1_ws/src/MockTurtleBotC1/mtbc1_description/install/mtbc1_description/share/mtbc1_description/environment/ament_prefix_path.dsv
[0.734s] -- Symlinking: /home/ubuntutbc/mtbc1_ws/src/MockTurtleBotC1/mtbc1_description/install/mtbc1_description/share/mtbc1_description/environment/path.sh
[0.738s] -- Symlinking: /home/ubuntutbc/mtbc1_ws/src/MockTurtleBotC1/mtbc1_description/install/mtbc1_description/share/mtbc1_description/environment/path.dsv
[0.742s] -- Symlinking: /home/ubuntutbc/mtbc1_ws/src/MockTurtleBotC1/mtbc1_description/install/mtbc1_description/share/mtbc1_description/local_setup.bash
[0.746s] -- Symlinking: /home/ubuntutbc/mtbc1_ws/src/MockTurtleBotC1/mtbc1_description/install/mtbc1_description/share/mtbc1_description/local_setup.sh
[0.750s] -- Symlinking: /home/ubuntutbc/mtbc1_ws/src/MockTurtleBotC1/mtbc1_description/install/mtbc1_description/share/mtbc1_description/local_setup.zsh
[0.754s] -- Symlinking: /home/ubuntutbc/mtbc1_ws/src/MockTurtleBotC1/mtbc1_description/install/mtbc1_description/share/mtbc1_description/local_setup.dsv
[0.759s] -- Symlinking: /home/ubuntutbc/mtbc1_ws/src/MockTurtleBotC1/mtbc1_description/install/mtbc1_description/share/mtbc1_description/package.dsv
[0.763s] -- Symlinking: /home/ubuntutbc/mtbc1_ws/src/MockTurtleBotC1/mtbc1_description/install/mtbc1_description/share/ament_index/resource_index/packages/mtbc1_description
[0.768s] -- Symlinking: /home/ubuntutbc/mtbc1_ws/src/MockTurtleBotC1/mtbc1_description/install/mtbc1_description/share/mtbc1_description/cmake/mtbc1_descriptionConfig.cmake
[0.772s] -- Symlinking: /home/ubuntutbc/mtbc1_ws/src/MockTurtleBotC1/mtbc1_description/install/mtbc1_description/share/mtbc1_description/cmake/mtbc1_descriptionConfig-version.cmake
[0.776s] -- Symlinking: /home/ubuntutbc/mtbc1_ws/src/MockTurtleBotC1/mtbc1_description/install/mtbc1_description/share/mtbc1_description/package.xml
[0.781s] Invoked command in '/home/ubuntutbc/mtbc1_ws/src/MockTurtleBotC1/mtbc1_description/build/mtbc1_description' returned '0': CMAKE_PREFIX_PATH=${CMAKE_PREFIX_PATH}:/opt/ros/humble /usr/bin/cmake --install /home/ubuntutbc/mtbc1_ws/src/MockTurtleBotC1/mtbc1_description/build/mtbc1_description
