[0.164s] DEBUG:colcon:Command line arguments: ['/usr/bin/colcon', 'list', '-p', '--base-paths', '/home/ubuntutbc/mtbc1_ws/src/MockTurtleBotC1-Robot']
[0.164s] DEBUG:colcon:Parsed command line arguments: Namespace(log_base=None, log_level=None, verb_name='list', build_base='build', ignore_user_meta=False, metas=['./colcon.meta'], base_paths=['/home/ubuntutbc/mtbc1_ws/src/MockTurtleBotC1-Robot'], packages_ignore=None, packages_ignore_regex=None, paths=None, packages_up_to=None, packages_up_to_regex=None, packages_above=None, packages_above_and_dependencies=None, packages_above_depth=None, packages_select_by_dep=None, packages_skip_by_dep=None, packages_skip_up_to=None, packages_select_build_failed=False, packages_skip_build_finished=False, packages_select_test_failures=False, packages_skip_test_passed=False, packages_select=None, packages_skip=None, packages_select_regex=None, packages_skip_regex=None, packages_start=None, packages_end=None, allow_overriding=[], topological_order=False, names_only=False, paths_only=True, topological_graph=False, topological_graph_dot=False, topological_graph_density=False, topological_graph_legend=False, topological_graph_dot_cluster=False, topological_graph_dot_include_skipped=False, verb_parser=<colcon_defaults.argument_parser.defaults.DefaultArgumentsDecorator object at 0xf1bb27572e90>, verb_extension=<colcon_package_information.verb.list.ListVerb object at 0xf1bb27570910>, main=<bound method ListVerb.main of <colcon_package_information.verb.list.ListVerb object at 0xf1bb27570910>>)
[0.401s] Level 1:colcon.colcon_core.package_discovery:discover_packages(colcon_meta) check parameters
[0.402s] Level 1:colcon.colcon_core.package_discovery:discover_packages(recursive) check parameters
[0.402s] Level 1:colcon.colcon_core.package_discovery:discover_packages(ignore) check parameters
[0.402s] Level 1:colcon.colcon_core.package_discovery:discover_packages(path) check parameters
[0.402s] Level 1:colcon.colcon_core.package_discovery:discover_packages(recursive) discover
[0.402s] INFO:colcon.colcon_core.package_discovery:Crawling recursively for packages in '/home/ubuntutbc/mtbc1_ws/src/MockTurtleBotC1-Robot'
[0.402s] Level 1:colcon.colcon_core.package_identification:_identify(/home/ubuntutbc/mtbc1_ws/src/MockTurtleBotC1-Robot) by extensions ['ignore', 'ignore_ament_install']
[0.402s] Level 1:colcon.colcon_core.package_identification:_identify(/home/ubuntutbc/mtbc1_ws/src/MockTurtleBotC1-Robot) by extension 'ignore'
[0.402s] Level 1:colcon.colcon_core.package_identification:_identify(/home/ubuntutbc/mtbc1_ws/src/MockTurtleBotC1-Robot) by extension 'ignore_ament_install'
[0.402s] Level 1:colcon.colcon_core.package_identification:_identify(/home/ubuntutbc/mtbc1_ws/src/MockTurtleBotC1-Robot) by extensions ['colcon_pkg']
[0.402s] Level 1:colcon.colcon_core.package_identification:_identify(/home/ubuntutbc/mtbc1_ws/src/MockTurtleBotC1-Robot) by extension 'colcon_pkg'
[0.402s] Level 1:colcon.colcon_core.package_identification:_identify(/home/ubuntutbc/mtbc1_ws/src/MockTurtleBotC1-Robot) by extensions ['colcon_meta']
[0.402s] Level 1:colcon.colcon_core.package_identification:_identify(/home/ubuntutbc/mtbc1_ws/src/MockTurtleBotC1-Robot) by extension 'colcon_meta'
[0.402s] Level 1:colcon.colcon_core.package_identification:_identify(/home/ubuntutbc/mtbc1_ws/src/MockTurtleBotC1-Robot) by extensions ['ros']
[0.402s] Level 1:colcon.colcon_core.package_identification:_identify(/home/ubuntutbc/mtbc1_ws/src/MockTurtleBotC1-Robot) by extension 'ros'
[0.422s] Level 1:colcon.colcon_core.package_identification:_identify(/home/ubuntutbc/mtbc1_ws/src/MockTurtleBotC1-Robot) by extensions ['cmake', 'python']
[0.422s] Level 1:colcon.colcon_core.package_identification:_identify(/home/ubuntutbc/mtbc1_ws/src/MockTurtleBotC1-Robot) by extension 'cmake'
[0.422s] Level 1:colcon.colcon_core.package_identification:_identify(/home/ubuntutbc/mtbc1_ws/src/MockTurtleBotC1-Robot) by extension 'python'
[0.422s] Level 1:colcon.colcon_core.package_identification:_identify(/home/ubuntutbc/mtbc1_ws/src/MockTurtleBotC1-Robot) by extensions ['python_setup_py']
[0.422s] Level 1:colcon.colcon_core.package_identification:_identify(/home/ubuntutbc/mtbc1_ws/src/MockTurtleBotC1-Robot) by extension 'python_setup_py'
[0.422s] Level 1:colcon.colcon_core.package_identification:_identify(/home/ubuntutbc/mtbc1_ws/src/MockTurtleBotC1-Robot/log) by extensions ['ignore', 'ignore_ament_install']
[0.422s] Level 1:colcon.colcon_core.package_identification:_identify(/home/ubuntutbc/mtbc1_ws/src/MockTurtleBotC1-Robot/log) by extension 'ignore'
[0.422s] Level 1:colcon.colcon_core.package_identification:_identify(/home/ubuntutbc/mtbc1_ws/src/MockTurtleBotC1-Robot/log) ignored
[0.423s] Level 1:colcon.colcon_core.package_identification:_identify(/home/ubuntutbc/mtbc1_ws/src/MockTurtleBotC1-Robot/mtbc1) by extensions ['ignore', 'ignore_ament_install']
[0.423s] Level 1:colcon.colcon_core.package_identification:_identify(/home/ubuntutbc/mtbc1_ws/src/MockTurtleBotC1-Robot/mtbc1) by extension 'ignore'
[0.423s] Level 1:colcon.colcon_core.package_identification:_identify(/home/ubuntutbc/mtbc1_ws/src/MockTurtleBotC1-Robot/mtbc1) by extension 'ignore_ament_install'
[0.423s] Level 1:colcon.colcon_core.package_identification:_identify(/home/ubuntutbc/mtbc1_ws/src/MockTurtleBotC1-Robot/mtbc1) by extensions ['colcon_pkg']
[0.423s] Level 1:colcon.colcon_core.package_identification:_identify(/home/ubuntutbc/mtbc1_ws/src/MockTurtleBotC1-Robot/mtbc1) by extension 'colcon_pkg'
[0.423s] Level 1:colcon.colcon_core.package_identification:_identify(/home/ubuntutbc/mtbc1_ws/src/MockTurtleBotC1-Robot/mtbc1) by extensions ['colcon_meta']
[0.423s] Level 1:colcon.colcon_core.package_identification:_identify(/home/ubuntutbc/mtbc1_ws/src/MockTurtleBotC1-Robot/mtbc1) by extension 'colcon_meta'
[0.423s] Level 1:colcon.colcon_core.package_identification:_identify(/home/ubuntutbc/mtbc1_ws/src/MockTurtleBotC1-Robot/mtbc1) by extensions ['ros']
[0.423s] Level 1:colcon.colcon_core.package_identification:_identify(/home/ubuntutbc/mtbc1_ws/src/MockTurtleBotC1-Robot/mtbc1) by extension 'ros'
[0.425s] DEBUG:colcon.colcon_core.package_identification:Package '/home/ubuntutbc/mtbc1_ws/src/MockTurtleBotC1-Robot/mtbc1' with type 'ros.ament_cmake' and name 'mtbc1'
[0.425s] Level 1:colcon.colcon_core.package_identification:_identify(/home/ubuntutbc/mtbc1_ws/src/MockTurtleBotC1-Robot/mtbc1_description) by extensions ['ignore', 'ignore_ament_install']
[0.425s] Level 1:colcon.colcon_core.package_identification:_identify(/home/ubuntutbc/mtbc1_ws/src/MockTurtleBotC1-Robot/mtbc1_description) by extension 'ignore'
[0.425s] Level 1:colcon.colcon_core.package_identification:_identify(/home/ubuntutbc/mtbc1_ws/src/MockTurtleBotC1-Robot/mtbc1_description) by extension 'ignore_ament_install'
[0.425s] Level 1:colcon.colcon_core.package_identification:_identify(/home/ubuntutbc/mtbc1_ws/src/MockTurtleBotC1-Robot/mtbc1_description) by extensions ['colcon_pkg']
[0.425s] Level 1:colcon.colcon_core.package_identification:_identify(/home/ubuntutbc/mtbc1_ws/src/MockTurtleBotC1-Robot/mtbc1_description) by extension 'colcon_pkg'
[0.425s] Level 1:colcon.colcon_core.package_identification:_identify(/home/ubuntutbc/mtbc1_ws/src/MockTurtleBotC1-Robot/mtbc1_description) by extensions ['colcon_meta']
[0.425s] Level 1:colcon.colcon_core.package_identification:_identify(/home/ubuntutbc/mtbc1_ws/src/MockTurtleBotC1-Robot/mtbc1_description) by extension 'colcon_meta'
[0.425s] Level 1:colcon.colcon_core.package_identification:_identify(/home/ubuntutbc/mtbc1_ws/src/MockTurtleBotC1-Robot/mtbc1_description) by extensions ['ros']
[0.425s] Level 1:colcon.colcon_core.package_identification:_identify(/home/ubuntutbc/mtbc1_ws/src/MockTurtleBotC1-Robot/mtbc1_description) by extension 'ros'
[0.426s] DEBUG:colcon.colcon_core.package_identification:Package '/home/ubuntutbc/mtbc1_ws/src/MockTurtleBotC1-Robot/mtbc1_description' with type 'ros.ament_cmake' and name 'mtbc1_description'
[0.426s] Level 1:colcon.colcon_core.package_discovery:discover_packages(recursive) using defaults
