[0.609s] DEBUG:colcon:Command line arguments: ['/usr/bin/colcon', 'list', '-p', '--base-paths', '/home/ubuntutbc/mtbc1_ws/src/MockTurtleBotC1']
[0.609s] DEBUG:colcon:Parsed command line arguments: Namespace(log_base=None, log_level=None, verb_name='list', build_base='build', ignore_user_meta=False, metas=['./colcon.meta'], base_paths=['/home/ubuntutbc/mtbc1_ws/src/MockTurtleBotC1'], packages_ignore=None, packages_ignore_regex=None, paths=None, packages_up_to=None, packages_up_to_regex=None, packages_above=None, packages_above_and_dependencies=None, packages_above_depth=None, packages_select_by_dep=None, packages_skip_by_dep=None, packages_skip_up_to=None, packages_select_build_failed=False, packages_skip_build_finished=False, packages_select_test_failures=False, packages_skip_test_passed=False, packages_select=None, packages_skip=None, packages_select_regex=None, packages_skip_regex=None, packages_start=None, packages_end=None, allow_overriding=[], topological_order=False, names_only=False, paths_only=True, topological_graph=False, topological_graph_dot=False, topological_graph_density=False, topological_graph_legend=False, topological_graph_dot_cluster=False, topological_graph_dot_include_skipped=False, verb_parser=<colcon_defaults.argument_parser.defaults.DefaultArgumentsDecorator object at 0xfd61569c5540>, verb_extension=<colcon_package_information.verb.list.ListVerb object at 0xfd61569c4400>, main=<bound method ListVerb.main of <colcon_package_information.verb.list.ListVerb object at 0xfd61569c4400>>)
[1.288s] Level 1:colcon.colcon_core.package_discovery:discover_packages(colcon_meta) check parameters
[1.288s] Level 1:colcon.colcon_core.package_discovery:discover_packages(recursive) check parameters
[1.288s] Level 1:colcon.colcon_core.package_discovery:discover_packages(ignore) check parameters
[1.288s] Level 1:colcon.colcon_core.package_discovery:discover_packages(path) check parameters
[1.288s] Level 1:colcon.colcon_core.package_discovery:discover_packages(recursive) discover
[1.288s] INFO:colcon.colcon_core.package_discovery:Crawling recursively for packages in '/home/ubuntutbc/mtbc1_ws/src/MockTurtleBotC1'
[1.288s] Level 1:colcon.colcon_core.package_identification:_identify(/home/ubuntutbc/mtbc1_ws/src/MockTurtleBotC1) by extensions ['ignore', 'ignore_ament_install']
[1.289s] Level 1:colcon.colcon_core.package_identification:_identify(/home/ubuntutbc/mtbc1_ws/src/MockTurtleBotC1) by extension 'ignore'
[1.289s] Level 1:colcon.colcon_core.package_identification:_identify(/home/ubuntutbc/mtbc1_ws/src/MockTurtleBotC1) by extension 'ignore_ament_install'
[1.289s] Level 1:colcon.colcon_core.package_identification:_identify(/home/ubuntutbc/mtbc1_ws/src/MockTurtleBotC1) by extensions ['colcon_pkg']
[1.289s] Level 1:colcon.colcon_core.package_identification:_identify(/home/ubuntutbc/mtbc1_ws/src/MockTurtleBotC1) by extension 'colcon_pkg'
[1.289s] Level 1:colcon.colcon_core.package_identification:_identify(/home/ubuntutbc/mtbc1_ws/src/MockTurtleBotC1) by extensions ['colcon_meta']
[1.289s] Level 1:colcon.colcon_core.package_identification:_identify(/home/ubuntutbc/mtbc1_ws/src/MockTurtleBotC1) by extension 'colcon_meta'
[1.289s] Level 1:colcon.colcon_core.package_identification:_identify(/home/ubuntutbc/mtbc1_ws/src/MockTurtleBotC1) by extensions ['ros']
[1.289s] Level 1:colcon.colcon_core.package_identification:_identify(/home/ubuntutbc/mtbc1_ws/src/MockTurtleBotC1) by extension 'ros'
[1.565s] Level 1:colcon.colcon_core.package_identification:_identify(/home/ubuntutbc/mtbc1_ws/src/MockTurtleBotC1) by extensions ['cmake', 'python']
[1.565s] Level 1:colcon.colcon_core.package_identification:_identify(/home/ubuntutbc/mtbc1_ws/src/MockTurtleBotC1) by extension 'cmake'
[1.565s] Level 1:colcon.colcon_core.package_identification:_identify(/home/ubuntutbc/mtbc1_ws/src/MockTurtleBotC1) by extension 'python'
[1.566s] Level 1:colcon.colcon_core.package_identification:_identify(/home/ubuntutbc/mtbc1_ws/src/MockTurtleBotC1) by extensions ['python_setup_py']
[1.579s] Level 1:colcon.colcon_core.package_identification:_identify(/home/ubuntutbc/mtbc1_ws/src/MockTurtleBotC1) by extension 'python_setup_py'
[1.581s] Level 1:colcon.colcon_core.package_identification:_identify(/home/ubuntutbc/mtbc1_ws/src/MockTurtleBotC1/log) by extensions ['ignore', 'ignore_ament_install']
[1.581s] Level 1:colcon.colcon_core.package_identification:_identify(/home/ubuntutbc/mtbc1_ws/src/MockTurtleBotC1/log) by extension 'ignore'
[1.581s] Level 1:colcon.colcon_core.package_identification:_identify(/home/ubuntutbc/mtbc1_ws/src/MockTurtleBotC1/log) ignored
[1.581s] Level 1:colcon.colcon_core.package_identification:_identify(/home/ubuntutbc/mtbc1_ws/src/MockTurtleBotC1/mtbc1) by extensions ['ignore', 'ignore_ament_install']
[1.581s] Level 1:colcon.colcon_core.package_identification:_identify(/home/ubuntutbc/mtbc1_ws/src/MockTurtleBotC1/mtbc1) by extension 'ignore'
[1.581s] Level 1:colcon.colcon_core.package_identification:_identify(/home/ubuntutbc/mtbc1_ws/src/MockTurtleBotC1/mtbc1) by extension 'ignore_ament_install'
[1.581s] Level 1:colcon.colcon_core.package_identification:_identify(/home/ubuntutbc/mtbc1_ws/src/MockTurtleBotC1/mtbc1) by extensions ['colcon_pkg']
[1.581s] Level 1:colcon.colcon_core.package_identification:_identify(/home/ubuntutbc/mtbc1_ws/src/MockTurtleBotC1/mtbc1) by extension 'colcon_pkg'
[1.581s] Level 1:colcon.colcon_core.package_identification:_identify(/home/ubuntutbc/mtbc1_ws/src/MockTurtleBotC1/mtbc1) by extensions ['colcon_meta']
[1.581s] Level 1:colcon.colcon_core.package_identification:_identify(/home/ubuntutbc/mtbc1_ws/src/MockTurtleBotC1/mtbc1) by extension 'colcon_meta'
[1.581s] Level 1:colcon.colcon_core.package_identification:_identify(/home/ubuntutbc/mtbc1_ws/src/MockTurtleBotC1/mtbc1) by extensions ['ros']
[1.581s] Level 1:colcon.colcon_core.package_identification:_identify(/home/ubuntutbc/mtbc1_ws/src/MockTurtleBotC1/mtbc1) by extension 'ros'
[1.596s] DEBUG:colcon.colcon_core.package_identification:Package '/home/ubuntutbc/mtbc1_ws/src/MockTurtleBotC1/mtbc1' with type 'ros.ament_cmake' and name 'mtbc1'
[1.596s] Level 1:colcon.colcon_core.package_identification:_identify(/home/ubuntutbc/mtbc1_ws/src/MockTurtleBotC1/mtbc1_bringup) by extensions ['ignore', 'ignore_ament_install']
[1.597s] Level 1:colcon.colcon_core.package_identification:_identify(/home/ubuntutbc/mtbc1_ws/src/MockTurtleBotC1/mtbc1_bringup) by extension 'ignore'
[1.597s] Level 1:colcon.colcon_core.package_identification:_identify(/home/ubuntutbc/mtbc1_ws/src/MockTurtleBotC1/mtbc1_bringup) by extension 'ignore_ament_install'
[1.597s] Level 1:colcon.colcon_core.package_identification:_identify(/home/ubuntutbc/mtbc1_ws/src/MockTurtleBotC1/mtbc1_bringup) by extensions ['colcon_pkg']
[1.597s] Level 1:colcon.colcon_core.package_identification:_identify(/home/ubuntutbc/mtbc1_ws/src/MockTurtleBotC1/mtbc1_bringup) by extension 'colcon_pkg'
[1.597s] Level 1:colcon.colcon_core.package_identification:_identify(/home/ubuntutbc/mtbc1_ws/src/MockTurtleBotC1/mtbc1_bringup) by extensions ['colcon_meta']
[1.597s] Level 1:colcon.colcon_core.package_identification:_identify(/home/ubuntutbc/mtbc1_ws/src/MockTurtleBotC1/mtbc1_bringup) by extension 'colcon_meta'
[1.597s] Level 1:colcon.colcon_core.package_identification:_identify(/home/ubuntutbc/mtbc1_ws/src/MockTurtleBotC1/mtbc1_bringup) by extensions ['ros']
[1.597s] Level 1:colcon.colcon_core.package_identification:_identify(/home/ubuntutbc/mtbc1_ws/src/MockTurtleBotC1/mtbc1_bringup) by extension 'ros'
[1.598s] DEBUG:colcon.colcon_core.package_identification:Package '/home/ubuntutbc/mtbc1_ws/src/MockTurtleBotC1/mtbc1_bringup' with type 'ros.ament_cmake' and name 'mtbc1_bringup'
[1.599s] Level 1:colcon.colcon_core.package_identification:_identify(/home/ubuntutbc/mtbc1_ws/src/MockTurtleBotC1/mtbc1_description) by extensions ['ignore', 'ignore_ament_install']
[1.599s] Level 1:colcon.colcon_core.package_identification:_identify(/home/ubuntutbc/mtbc1_ws/src/MockTurtleBotC1/mtbc1_description) by extension 'ignore'
[1.599s] Level 1:colcon.colcon_core.package_identification:_identify(/home/ubuntutbc/mtbc1_ws/src/MockTurtleBotC1/mtbc1_description) by extension 'ignore_ament_install'
[1.599s] Level 1:colcon.colcon_core.package_identification:_identify(/home/ubuntutbc/mtbc1_ws/src/MockTurtleBotC1/mtbc1_description) by extensions ['colcon_pkg']
[1.599s] Level 1:colcon.colcon_core.package_identification:_identify(/home/ubuntutbc/mtbc1_ws/src/MockTurtleBotC1/mtbc1_description) by extension 'colcon_pkg'
[1.599s] Level 1:colcon.colcon_core.package_identification:_identify(/home/ubuntutbc/mtbc1_ws/src/MockTurtleBotC1/mtbc1_description) by extensions ['colcon_meta']
[1.599s] Level 1:colcon.colcon_core.package_identification:_identify(/home/ubuntutbc/mtbc1_ws/src/MockTurtleBotC1/mtbc1_description) by extension 'colcon_meta'
[1.599s] Level 1:colcon.colcon_core.package_identification:_identify(/home/ubuntutbc/mtbc1_ws/src/MockTurtleBotC1/mtbc1_description) by extensions ['ros']
[1.599s] Level 1:colcon.colcon_core.package_identification:_identify(/home/ubuntutbc/mtbc1_ws/src/MockTurtleBotC1/mtbc1_description) by extension 'ros'
[1.600s] DEBUG:colcon.colcon_core.package_identification:Package '/home/ubuntutbc/mtbc1_ws/src/MockTurtleBotC1/mtbc1_description' with type 'ros.ament_cmake' and name 'mtbc1_description'
[1.600s] Level 1:colcon.colcon_core.package_identification:_identify(/home/ubuntutbc/mtbc1_ws/src/MockTurtleBotC1/mtbc1_navigation) by extensions ['ignore', 'ignore_ament_install']
[1.600s] Level 1:colcon.colcon_core.package_identification:_identify(/home/ubuntutbc/mtbc1_ws/src/MockTurtleBotC1/mtbc1_navigation) by extension 'ignore'
[1.600s] Level 1:colcon.colcon_core.package_identification:_identify(/home/ubuntutbc/mtbc1_ws/src/MockTurtleBotC1/mtbc1_navigation) by extension 'ignore_ament_install'
[1.600s] Level 1:colcon.colcon_core.package_identification:_identify(/home/ubuntutbc/mtbc1_ws/src/MockTurtleBotC1/mtbc1_navigation) by extensions ['colcon_pkg']
[1.600s] Level 1:colcon.colcon_core.package_identification:_identify(/home/ubuntutbc/mtbc1_ws/src/MockTurtleBotC1/mtbc1_navigation) by extension 'colcon_pkg'
[1.600s] Level 1:colcon.colcon_core.package_identification:_identify(/home/ubuntutbc/mtbc1_ws/src/MockTurtleBotC1/mtbc1_navigation) by extensions ['colcon_meta']
[1.600s] Level 1:colcon.colcon_core.package_identification:_identify(/home/ubuntutbc/mtbc1_ws/src/MockTurtleBotC1/mtbc1_navigation) by extension 'colcon_meta'
[1.600s] Level 1:colcon.colcon_core.package_identification:_identify(/home/ubuntutbc/mtbc1_ws/src/MockTurtleBotC1/mtbc1_navigation) by extensions ['ros']
[1.600s] Level 1:colcon.colcon_core.package_identification:_identify(/home/ubuntutbc/mtbc1_ws/src/MockTurtleBotC1/mtbc1_navigation) by extension 'ros'
[1.601s] DEBUG:colcon.colcon_core.package_identification:Package '/home/ubuntutbc/mtbc1_ws/src/MockTurtleBotC1/mtbc1_navigation' with type 'ros.ament_cmake' and name 'mtbc1_navigation'
[1.601s] Level 1:colcon.colcon_core.package_discovery:discover_packages(recursive) using defaults
