[0.938s] DEBUG:colcon:Command line arguments: ['/usr/bin/colcon', 'list', '-p', '--base-paths', '/home/ubuntutbc/mtbc1_ws/src/MockTurtleBotC1']
[0.939s] DEBUG:colcon:Parsed command line arguments: Namespace(log_base=None, log_level=None, verb_name='list', build_base='build', ignore_user_meta=False, metas=['./colcon.meta'], base_paths=['/home/ubuntutbc/mtbc1_ws/src/MockTurtleBotC1'], packages_ignore=None, packages_ignore_regex=None, paths=None, packages_up_to=None, packages_up_to_regex=None, packages_above=None, packages_above_and_dependencies=None, packages_above_depth=None, packages_select_by_dep=None, packages_skip_by_dep=None, packages_skip_up_to=None, packages_select_build_failed=False, packages_skip_build_finished=False, packages_select_test_failures=False, packages_skip_test_passed=False, packages_select=None, packages_skip=None, packages_select_regex=None, packages_skip_regex=None, packages_start=None, packages_end=None, allow_overriding=[], topological_order=False, names_only=False, paths_only=True, topological_graph=False, topological_graph_dot=False, topological_graph_density=False, topological_graph_legend=False, topological_graph_dot_cluster=False, topological_graph_dot_include_skipped=False, verb_parser=<colcon_defaults.argument_parser.defaults.DefaultArgumentsDecorator object at 0xe5decded6ec0>, verb_extension=<colcon_package_information.verb.list.ListVerb object at 0xe5decded5900>, main=<bound method ListVerb.main of <colcon_package_information.verb.list.ListVerb object at 0xe5decded5900>>)
[0.978s] Level 1:colcon.colcon_core.package_discovery:discover_packages(colcon_meta) check parameters
[0.979s] Level 1:colcon.colcon_core.package_discovery:discover_packages(recursive) check parameters
[0.979s] Level 1:colcon.colcon_core.package_discovery:discover_packages(ignore) check parameters
[0.979s] Level 1:colcon.colcon_core.package_discovery:discover_packages(path) check parameters
[0.979s] Level 1:colcon.colcon_core.package_discovery:discover_packages(recursive) discover
[0.979s] INFO:colcon.colcon_core.package_discovery:Crawling recursively for packages in '/home/ubuntutbc/mtbc1_ws/src/MockTurtleBotC1'
[0.979s] Level 1:colcon.colcon_core.package_identification:_identify(/home/ubuntutbc/mtbc1_ws/src/MockTurtleBotC1) by extensions ['ignore', 'ignore_ament_install']
[0.979s] Level 1:colcon.colcon_core.package_identification:_identify(/home/ubuntutbc/mtbc1_ws/src/MockTurtleBotC1) by extension 'ignore'
[0.979s] Level 1:colcon.colcon_core.package_identification:_identify(/home/ubuntutbc/mtbc1_ws/src/MockTurtleBotC1) by extension 'ignore_ament_install'
[0.979s] Level 1:colcon.colcon_core.package_identification:_identify(/home/ubuntutbc/mtbc1_ws/src/MockTurtleBotC1) by extensions ['colcon_pkg']
[0.979s] Level 1:colcon.colcon_core.package_identification:_identify(/home/ubuntutbc/mtbc1_ws/src/MockTurtleBotC1) by extension 'colcon_pkg'
[0.979s] Level 1:colcon.colcon_core.package_identification:_identify(/home/ubuntutbc/mtbc1_ws/src/MockTurtleBotC1) by extensions ['colcon_meta']
[0.979s] Level 1:colcon.colcon_core.package_identification:_identify(/home/ubuntutbc/mtbc1_ws/src/MockTurtleBotC1) by extension 'colcon_meta'
[0.979s] Level 1:colcon.colcon_core.package_identification:_identify(/home/ubuntutbc/mtbc1_ws/src/MockTurtleBotC1) by extensions ['ros']
[0.979s] Level 1:colcon.colcon_core.package_identification:_identify(/home/ubuntutbc/mtbc1_ws/src/MockTurtleBotC1) by extension 'ros'
[0.985s] Level 1:colcon.colcon_core.package_identification:_identify(/home/ubuntutbc/mtbc1_ws/src/MockTurtleBotC1) by extensions ['cmake', 'python']
[0.985s] Level 1:colcon.colcon_core.package_identification:_identify(/home/ubuntutbc/mtbc1_ws/src/MockTurtleBotC1) by extension 'cmake'
[0.985s] Level 1:colcon.colcon_core.package_identification:_identify(/home/ubuntutbc/mtbc1_ws/src/MockTurtleBotC1) by extension 'python'
[0.985s] Level 1:colcon.colcon_core.package_identification:_identify(/home/ubuntutbc/mtbc1_ws/src/MockTurtleBotC1) by extensions ['python_setup_py']
[0.985s] Level 1:colcon.colcon_core.package_identification:_identify(/home/ubuntutbc/mtbc1_ws/src/MockTurtleBotC1) by extension 'python_setup_py'
[0.986s] Level 1:colcon.colcon_core.package_identification:_identify(/home/ubuntutbc/mtbc1_ws/src/MockTurtleBotC1/log) by extensions ['ignore', 'ignore_ament_install']
[0.986s] Level 1:colcon.colcon_core.package_identification:_identify(/home/ubuntutbc/mtbc1_ws/src/MockTurtleBotC1/log) by extension 'ignore'
[0.986s] Level 1:colcon.colcon_core.package_identification:_identify(/home/ubuntutbc/mtbc1_ws/src/MockTurtleBotC1/log) ignored
[0.986s] Level 1:colcon.colcon_core.package_identification:_identify(/home/ubuntutbc/mtbc1_ws/src/MockTurtleBotC1/mtcb1_description) by extensions ['ignore', 'ignore_ament_install']
[0.986s] Level 1:colcon.colcon_core.package_identification:_identify(/home/ubuntutbc/mtbc1_ws/src/MockTurtleBotC1/mtcb1_description) by extension 'ignore'
[0.986s] Level 1:colcon.colcon_core.package_identification:_identify(/home/ubuntutbc/mtbc1_ws/src/MockTurtleBotC1/mtcb1_description) by extension 'ignore_ament_install'
[0.986s] Level 1:colcon.colcon_core.package_identification:_identify(/home/ubuntutbc/mtbc1_ws/src/MockTurtleBotC1/mtcb1_description) by extensions ['colcon_pkg']
[0.986s] Level 1:colcon.colcon_core.package_identification:_identify(/home/ubuntutbc/mtbc1_ws/src/MockTurtleBotC1/mtcb1_description) by extension 'colcon_pkg'
[0.986s] Level 1:colcon.colcon_core.package_identification:_identify(/home/ubuntutbc/mtbc1_ws/src/MockTurtleBotC1/mtcb1_description) by extensions ['colcon_meta']
[0.986s] Level 1:colcon.colcon_core.package_identification:_identify(/home/ubuntutbc/mtbc1_ws/src/MockTurtleBotC1/mtcb1_description) by extension 'colcon_meta'
[0.986s] Level 1:colcon.colcon_core.package_identification:_identify(/home/ubuntutbc/mtbc1_ws/src/MockTurtleBotC1/mtcb1_description) by extensions ['ros']
[0.986s] Level 1:colcon.colcon_core.package_identification:_identify(/home/ubuntutbc/mtbc1_ws/src/MockTurtleBotC1/mtcb1_description) by extension 'ros'
[0.987s] DEBUG:colcon.colcon_core.package_identification:Package '/home/ubuntutbc/mtbc1_ws/src/MockTurtleBotC1/mtcb1_description' with type 'ros.ament_cmake' and name 'mtbc1_description'
[0.988s] Level 1:colcon.colcon_core.package_identification:_identify(/home/ubuntutbc/mtbc1_ws/src/MockTurtleBotC1/sam_bot_description) by extensions ['ignore', 'ignore_ament_install']
[0.988s] Level 1:colcon.colcon_core.package_identification:_identify(/home/ubuntutbc/mtbc1_ws/src/MockTurtleBotC1/sam_bot_description) by extension 'ignore'
[0.988s] Level 1:colcon.colcon_core.package_identification:_identify(/home/ubuntutbc/mtbc1_ws/src/MockTurtleBotC1/sam_bot_description) by extension 'ignore_ament_install'
[0.988s] Level 1:colcon.colcon_core.package_identification:_identify(/home/ubuntutbc/mtbc1_ws/src/MockTurtleBotC1/sam_bot_description) by extensions ['colcon_pkg']
[0.988s] Level 1:colcon.colcon_core.package_identification:_identify(/home/ubuntutbc/mtbc1_ws/src/MockTurtleBotC1/sam_bot_description) by extension 'colcon_pkg'
[0.988s] Level 1:colcon.colcon_core.package_identification:_identify(/home/ubuntutbc/mtbc1_ws/src/MockTurtleBotC1/sam_bot_description) by extensions ['colcon_meta']
[0.988s] Level 1:colcon.colcon_core.package_identification:_identify(/home/ubuntutbc/mtbc1_ws/src/MockTurtleBotC1/sam_bot_description) by extension 'colcon_meta'
[0.988s] Level 1:colcon.colcon_core.package_identification:_identify(/home/ubuntutbc/mtbc1_ws/src/MockTurtleBotC1/sam_bot_description) by extensions ['ros']
[0.988s] Level 1:colcon.colcon_core.package_identification:_identify(/home/ubuntutbc/mtbc1_ws/src/MockTurtleBotC1/sam_bot_description) by extension 'ros'
[0.988s] DEBUG:colcon.colcon_core.package_identification:Package '/home/ubuntutbc/mtbc1_ws/src/MockTurtleBotC1/sam_bot_description' with type 'ros.ament_cmake' and name 'sam_bot_description'
[0.988s] Level 1:colcon.colcon_core.package_discovery:discover_packages(recursive) using defaults
