[0.719s] DEBUG:colcon:Command line arguments: ['/usr/bin/colcon', 'list', '-p', '--base-paths', '/home/ubuntu/mtbc1_ws/src/MockTurtleBotC1-Robot/mtbc1_bringup/launch']
[0.719s] DEBUG:colcon:Parsed command line arguments: Namespace(log_base=None, log_level=None, verb_name='list', build_base='build', ignore_user_meta=False, metas=['./colcon.meta'], base_paths=['/home/ubuntu/mtbc1_ws/src/MockTurtleBotC1-Robot/mtbc1_bringup/launch'], packages_ignore=None, packages_ignore_regex=None, paths=None, packages_up_to=None, packages_up_to_regex=None, packages_above=None, packages_above_and_dependencies=None, packages_above_depth=None, packages_select_by_dep=None, packages_skip_by_dep=None, packages_skip_up_to=None, packages_select_build_failed=False, packages_skip_build_finished=False, packages_select_test_failures=False, packages_skip_test_passed=False, packages_select=None, packages_skip=None, packages_select_regex=None, packages_skip_regex=None, packages_start=None, packages_end=None, allow_overriding=[], topological_order=False, names_only=False, paths_only=True, topological_graph=False, topological_graph_dot=False, topological_graph_density=False, topological_graph_legend=False, topological_graph_dot_cluster=False, topological_graph_dot_include_skipped=False, mixin_files=None, mixin=None, verb_parser=<colcon_mixin.mixin.mixin_argument.MixinArgumentDecorator object at 0xffff84d7c5e0>, verb_extension=<colcon_package_information.verb.list.ListVerb object at 0xffff84d3b370>, main=<bound method ListVerb.main of <colcon_package_information.verb.list.ListVerb object at 0xffff84d3b370>>, mixin_verb=('list',))
[3.087s] Level 1:colcon.colcon_core.package_discovery:discover_packages(colcon_meta) check parameters
[3.088s] Level 1:colcon.colcon_core.package_discovery:discover_packages(recursive) check parameters
[3.089s] Level 1:colcon.colcon_core.package_discovery:discover_packages(ignore) check parameters
[3.090s] Level 1:colcon.colcon_core.package_discovery:discover_packages(path) check parameters
[3.091s] Level 1:colcon.colcon_core.package_discovery:discover_packages(recursive) discover
[3.092s] INFO:colcon.colcon_core.package_discovery:Crawling recursively for packages in '/home/ubuntu/mtbc1_ws/src/MockTurtleBotC1-Robot/mtbc1_bringup/launch'
[3.094s] Level 1:colcon.colcon_core.package_identification:_identify(/home/ubuntu/mtbc1_ws/src/MockTurtleBotC1-Robot/mtbc1_bringup/launch) by extensions ['ignore', 'ignore_ament_install']
[3.095s] Level 1:colcon.colcon_core.package_identification:_identify(/home/ubuntu/mtbc1_ws/src/MockTurtleBotC1-Robot/mtbc1_bringup/launch) by extension 'ignore'
[3.095s] Level 1:colcon.colcon_core.package_identification:_identify(/home/ubuntu/mtbc1_ws/src/MockTurtleBotC1-Robot/mtbc1_bringup/launch) by extension 'ignore_ament_install'
[3.096s] Level 1:colcon.colcon_core.package_identification:_identify(/home/ubuntu/mtbc1_ws/src/MockTurtleBotC1-Robot/mtbc1_bringup/launch) by extensions ['colcon_pkg']
[3.097s] Level 1:colcon.colcon_core.package_identification:_identify(/home/ubuntu/mtbc1_ws/src/MockTurtleBotC1-Robot/mtbc1_bringup/launch) by extension 'colcon_pkg'
[3.098s] Level 1:colcon.colcon_core.package_identification:_identify(/home/ubuntu/mtbc1_ws/src/MockTurtleBotC1-Robot/mtbc1_bringup/launch) by extensions ['colcon_meta']
[3.099s] Level 1:colcon.colcon_core.package_identification:_identify(/home/ubuntu/mtbc1_ws/src/MockTurtleBotC1-Robot/mtbc1_bringup/launch) by extension 'colcon_meta'
[3.100s] Level 1:colcon.colcon_core.package_identification:_identify(/home/ubuntu/mtbc1_ws/src/MockTurtleBotC1-Robot/mtbc1_bringup/launch) by extensions ['ros']
[3.101s] Level 1:colcon.colcon_core.package_identification:_identify(/home/ubuntu/mtbc1_ws/src/MockTurtleBotC1-Robot/mtbc1_bringup/launch) by extension 'ros'
[3.407s] Level 1:colcon.colcon_core.package_identification:_identify(/home/ubuntu/mtbc1_ws/src/MockTurtleBotC1-Robot/mtbc1_bringup/launch) by extensions ['cmake', 'python']
[3.408s] Level 1:colcon.colcon_core.package_identification:_identify(/home/ubuntu/mtbc1_ws/src/MockTurtleBotC1-Robot/mtbc1_bringup/launch) by extension 'cmake'
[3.409s] Level 1:colcon.colcon_core.package_identification:_identify(/home/ubuntu/mtbc1_ws/src/MockTurtleBotC1-Robot/mtbc1_bringup/launch) by extension 'python'
[3.410s] Level 1:colcon.colcon_core.package_identification:_identify(/home/ubuntu/mtbc1_ws/src/MockTurtleBotC1-Robot/mtbc1_bringup/launch) by extensions ['python_setup_py']
[3.410s] Level 1:colcon.colcon_core.package_identification:_identify(/home/ubuntu/mtbc1_ws/src/MockTurtleBotC1-Robot/mtbc1_bringup/launch) by extension 'python_setup_py'
[3.432s] Level 1:colcon.colcon_core.package_identification:_identify(/home/ubuntu/mtbc1_ws/src/MockTurtleBotC1-Robot/mtbc1_bringup/launch/log) by extensions ['ignore', 'ignore_ament_install']
[3.433s] Level 1:colcon.colcon_core.package_identification:_identify(/home/ubuntu/mtbc1_ws/src/MockTurtleBotC1-Robot/mtbc1_bringup/launch/log) by extension 'ignore'
[3.434s] Level 1:colcon.colcon_core.package_identification:_identify(/home/ubuntu/mtbc1_ws/src/MockTurtleBotC1-Robot/mtbc1_bringup/launch/log) ignored
[3.435s] Level 1:colcon.colcon_core.package_discovery:discover_packages(recursive) using defaults
