[1.095s] DEBUG:colcon:Command line arguments: ['/usr/bin/colcon', 'list', '-p', '--base-paths', '/home/ubuntutbc/mtbc1_ws/src/MockTurtleBotC1/mtcb1_description']
[1.096s] DEBUG:colcon:Parsed command line arguments: Namespace(log_base=None, log_level=None, verb_name='list', build_base='build', ignore_user_meta=False, metas=['./colcon.meta'], base_paths=['/home/ubuntutbc/mtbc1_ws/src/MockTurtleBotC1/mtcb1_description'], packages_ignore=None, packages_ignore_regex=None, paths=None, packages_up_to=None, packages_up_to_regex=None, packages_above=None, packages_above_and_dependencies=None, packages_above_depth=None, packages_select_by_dep=None, packages_skip_by_dep=None, packages_skip_up_to=None, packages_select_build_failed=False, packages_skip_build_finished=False, packages_select_test_failures=False, packages_skip_test_passed=False, packages_select=None, packages_skip=None, packages_select_regex=None, packages_skip_regex=None, packages_start=None, packages_end=None, allow_overriding=[], topological_order=False, names_only=False, paths_only=True, topological_graph=False, topological_graph_dot=False, topological_graph_density=False, topological_graph_legend=False, topological_graph_dot_cluster=False, topological_graph_dot_include_skipped=False, verb_parser=<colcon_defaults.argument_parser.defaults.DefaultArgumentsDecorator object at 0xe0283d7d6ec0>, verb_extension=<colcon_package_information.verb.list.ListVerb object at 0xe0283d7d5900>, main=<bound method ListVerb.main of <colcon_package_information.verb.list.ListVerb object at 0xe0283d7d5900>>)
[1.143s] Level 1:colcon.colcon_core.package_discovery:discover_packages(colcon_meta) check parameters
[1.143s] Level 1:colcon.colcon_core.package_discovery:discover_packages(recursive) check parameters
[1.143s] Level 1:colcon.colcon_core.package_discovery:discover_packages(ignore) check parameters
[1.143s] Level 1:colcon.colcon_core.package_discovery:discover_packages(path) check parameters
[1.143s] Level 1:colcon.colcon_core.package_discovery:discover_packages(recursive) discover
[1.143s] INFO:colcon.colcon_core.package_discovery:Crawling recursively for packages in '/home/ubuntutbc/mtbc1_ws/src/MockTurtleBotC1/mtcb1_description'
[1.143s] Level 1:colcon.colcon_core.package_identification:_identify(/home/ubuntutbc/mtbc1_ws/src/MockTurtleBotC1/mtcb1_description) by extensions ['ignore', 'ignore_ament_install']
[1.143s] Level 1:colcon.colcon_core.package_identification:_identify(/home/ubuntutbc/mtbc1_ws/src/MockTurtleBotC1/mtcb1_description) by extension 'ignore'
[1.143s] Level 1:colcon.colcon_core.package_identification:_identify(/home/ubuntutbc/mtbc1_ws/src/MockTurtleBotC1/mtcb1_description) by extension 'ignore_ament_install'
[1.143s] Level 1:colcon.colcon_core.package_identification:_identify(/home/ubuntutbc/mtbc1_ws/src/MockTurtleBotC1/mtcb1_description) by extensions ['colcon_pkg']
[1.143s] Level 1:colcon.colcon_core.package_identification:_identify(/home/ubuntutbc/mtbc1_ws/src/MockTurtleBotC1/mtcb1_description) by extension 'colcon_pkg'
[1.143s] Level 1:colcon.colcon_core.package_identification:_identify(/home/ubuntutbc/mtbc1_ws/src/MockTurtleBotC1/mtcb1_description) by extensions ['colcon_meta']
[1.143s] Level 1:colcon.colcon_core.package_identification:_identify(/home/ubuntutbc/mtbc1_ws/src/MockTurtleBotC1/mtcb1_description) by extension 'colcon_meta'
[1.143s] Level 1:colcon.colcon_core.package_identification:_identify(/home/ubuntutbc/mtbc1_ws/src/MockTurtleBotC1/mtcb1_description) by extensions ['ros']
[1.143s] Level 1:colcon.colcon_core.package_identification:_identify(/home/ubuntutbc/mtbc1_ws/src/MockTurtleBotC1/mtcb1_description) by extension 'ros'
[1.156s] Level 1:colcon.colcon_core.package_identification:_identify(/home/ubuntutbc/mtbc1_ws/src/MockTurtleBotC1/mtcb1_description) by extensions ['cmake', 'python']
[1.156s] Level 1:colcon.colcon_core.package_identification:_identify(/home/ubuntutbc/mtbc1_ws/src/MockTurtleBotC1/mtcb1_description) by extension 'cmake'
[1.156s] Level 1:colcon.colcon_core.package_identification:_identify(/home/ubuntutbc/mtbc1_ws/src/MockTurtleBotC1/mtcb1_description) by extension 'python'
[1.156s] Level 1:colcon.colcon_core.package_identification:_identify(/home/ubuntutbc/mtbc1_ws/src/MockTurtleBotC1/mtcb1_description) by extensions ['python_setup_py']
[1.156s] Level 1:colcon.colcon_core.package_identification:_identify(/home/ubuntutbc/mtbc1_ws/src/MockTurtleBotC1/mtcb1_description) by extension 'python_setup_py'
[1.156s] Level 1:colcon.colcon_core.package_identification:_identify(/home/ubuntutbc/mtbc1_ws/src/MockTurtleBotC1/mtcb1_description/build) by extensions ['ignore', 'ignore_ament_install']
[1.156s] Level 1:colcon.colcon_core.package_identification:_identify(/home/ubuntutbc/mtbc1_ws/src/MockTurtleBotC1/mtcb1_description/build) by extension 'ignore'
[1.156s] Level 1:colcon.colcon_core.package_identification:_identify(/home/ubuntutbc/mtbc1_ws/src/MockTurtleBotC1/mtcb1_description/build) ignored
[1.157s] Level 1:colcon.colcon_core.package_identification:_identify(/home/ubuntutbc/mtbc1_ws/src/MockTurtleBotC1/mtcb1_description/include) by extensions ['ignore', 'ignore_ament_install']
[1.157s] Level 1:colcon.colcon_core.package_identification:_identify(/home/ubuntutbc/mtbc1_ws/src/MockTurtleBotC1/mtcb1_description/include) by extension 'ignore'
[1.157s] Level 1:colcon.colcon_core.package_identification:_identify(/home/ubuntutbc/mtbc1_ws/src/MockTurtleBotC1/mtcb1_description/include) by extension 'ignore_ament_install'
[1.157s] Level 1:colcon.colcon_core.package_identification:_identify(/home/ubuntutbc/mtbc1_ws/src/MockTurtleBotC1/mtcb1_description/include) by extensions ['colcon_pkg']
[1.157s] Level 1:colcon.colcon_core.package_identification:_identify(/home/ubuntutbc/mtbc1_ws/src/MockTurtleBotC1/mtcb1_description/include) by extension 'colcon_pkg'
[1.157s] Level 1:colcon.colcon_core.package_identification:_identify(/home/ubuntutbc/mtbc1_ws/src/MockTurtleBotC1/mtcb1_description/include) by extensions ['colcon_meta']
[1.157s] Level 1:colcon.colcon_core.package_identification:_identify(/home/ubuntutbc/mtbc1_ws/src/MockTurtleBotC1/mtcb1_description/include) by extension 'colcon_meta'
[1.157s] Level 1:colcon.colcon_core.package_identification:_identify(/home/ubuntutbc/mtbc1_ws/src/MockTurtleBotC1/mtcb1_description/include) by extensions ['ros']
[1.157s] Level 1:colcon.colcon_core.package_identification:_identify(/home/ubuntutbc/mtbc1_ws/src/MockTurtleBotC1/mtcb1_description/include) by extension 'ros'
[1.157s] Level 1:colcon.colcon_core.package_identification:_identify(/home/ubuntutbc/mtbc1_ws/src/MockTurtleBotC1/mtcb1_description/include) by extensions ['cmake', 'python']
[1.157s] Level 1:colcon.colcon_core.package_identification:_identify(/home/ubuntutbc/mtbc1_ws/src/MockTurtleBotC1/mtcb1_description/include) by extension 'cmake'
[1.157s] Level 1:colcon.colcon_core.package_identification:_identify(/home/ubuntutbc/mtbc1_ws/src/MockTurtleBotC1/mtcb1_description/include) by extension 'python'
[1.157s] Level 1:colcon.colcon_core.package_identification:_identify(/home/ubuntutbc/mtbc1_ws/src/MockTurtleBotC1/mtcb1_description/include) by extensions ['python_setup_py']
[1.157s] Level 1:colcon.colcon_core.package_identification:_identify(/home/ubuntutbc/mtbc1_ws/src/MockTurtleBotC1/mtcb1_description/include) by extension 'python_setup_py'
[1.157s] Level 1:colcon.colcon_core.package_identification:_identify(/home/ubuntutbc/mtbc1_ws/src/MockTurtleBotC1/mtcb1_description/include/sam_bot_description) by extensions ['ignore', 'ignore_ament_install']
[1.157s] Level 1:colcon.colcon_core.package_identification:_identify(/home/ubuntutbc/mtbc1_ws/src/MockTurtleBotC1/mtcb1_description/include/sam_bot_description) by extension 'ignore'
[1.157s] Level 1:colcon.colcon_core.package_identification:_identify(/home/ubuntutbc/mtbc1_ws/src/MockTurtleBotC1/mtcb1_description/include/sam_bot_description) by extension 'ignore_ament_install'
[1.157s] Level 1:colcon.colcon_core.package_identification:_identify(/home/ubuntutbc/mtbc1_ws/src/MockTurtleBotC1/mtcb1_description/include/sam_bot_description) by extensions ['colcon_pkg']
[1.157s] Level 1:colcon.colcon_core.package_identification:_identify(/home/ubuntutbc/mtbc1_ws/src/MockTurtleBotC1/mtcb1_description/include/sam_bot_description) by extension 'colcon_pkg'
[1.157s] Level 1:colcon.colcon_core.package_identification:_identify(/home/ubuntutbc/mtbc1_ws/src/MockTurtleBotC1/mtcb1_description/include/sam_bot_description) by extensions ['colcon_meta']
[1.157s] Level 1:colcon.colcon_core.package_identification:_identify(/home/ubuntutbc/mtbc1_ws/src/MockTurtleBotC1/mtcb1_description/include/sam_bot_description) by extension 'colcon_meta'
[1.157s] Level 1:colcon.colcon_core.package_identification:_identify(/home/ubuntutbc/mtbc1_ws/src/MockTurtleBotC1/mtcb1_description/include/sam_bot_description) by extensions ['ros']
[1.157s] Level 1:colcon.colcon_core.package_identification:_identify(/home/ubuntutbc/mtbc1_ws/src/MockTurtleBotC1/mtcb1_description/include/sam_bot_description) by extension 'ros'
[1.157s] Level 1:colcon.colcon_core.package_identification:_identify(/home/ubuntutbc/mtbc1_ws/src/MockTurtleBotC1/mtcb1_description/include/sam_bot_description) by extensions ['cmake', 'python']
[1.157s] Level 1:colcon.colcon_core.package_identification:_identify(/home/ubuntutbc/mtbc1_ws/src/MockTurtleBotC1/mtcb1_description/include/sam_bot_description) by extension 'cmake'
[1.157s] Level 1:colcon.colcon_core.package_identification:_identify(/home/ubuntutbc/mtbc1_ws/src/MockTurtleBotC1/mtcb1_description/include/sam_bot_description) by extension 'python'
[1.157s] Level 1:colcon.colcon_core.package_identification:_identify(/home/ubuntutbc/mtbc1_ws/src/MockTurtleBotC1/mtcb1_description/include/sam_bot_description) by extensions ['python_setup_py']
[1.157s] Level 1:colcon.colcon_core.package_identification:_identify(/home/ubuntutbc/mtbc1_ws/src/MockTurtleBotC1/mtcb1_description/include/sam_bot_description) by extension 'python_setup_py'
[1.158s] Level 1:colcon.colcon_core.package_identification:_identify(/home/ubuntutbc/mtbc1_ws/src/MockTurtleBotC1/mtcb1_description/install) by extensions ['ignore', 'ignore_ament_install']
[1.158s] Level 1:colcon.colcon_core.package_identification:_identify(/home/ubuntutbc/mtbc1_ws/src/MockTurtleBotC1/mtcb1_description/install) by extension 'ignore'
[1.158s] Level 1:colcon.colcon_core.package_identification:_identify(/home/ubuntutbc/mtbc1_ws/src/MockTurtleBotC1/mtcb1_description/install) by extension 'ignore_ament_install'
[1.158s] Level 1:colcon.colcon_core.package_identification:_identify(/home/ubuntutbc/mtbc1_ws/src/MockTurtleBotC1/mtcb1_description/install) by extensions ['colcon_pkg']
[1.158s] Level 1:colcon.colcon_core.package_identification:_identify(/home/ubuntutbc/mtbc1_ws/src/MockTurtleBotC1/mtcb1_description/install) by extension 'colcon_pkg'
[1.158s] Level 1:colcon.colcon_core.package_identification:_identify(/home/ubuntutbc/mtbc1_ws/src/MockTurtleBotC1/mtcb1_description/install) by extensions ['colcon_meta']
[1.158s] Level 1:colcon.colcon_core.package_identification:_identify(/home/ubuntutbc/mtbc1_ws/src/MockTurtleBotC1/mtcb1_description/install) by extension 'colcon_meta'
[1.158s] Level 1:colcon.colcon_core.package_identification:_identify(/home/ubuntutbc/mtbc1_ws/src/MockTurtleBotC1/mtcb1_description/install) by extensions ['ros']
[1.158s] Level 1:colcon.colcon_core.package_identification:_identify(/home/ubuntutbc/mtbc1_ws/src/MockTurtleBotC1/mtcb1_description/install) by extension 'ros'
[1.158s] Level 1:colcon.colcon_core.package_identification:_identify(/home/ubuntutbc/mtbc1_ws/src/MockTurtleBotC1/mtcb1_description/install) by extensions ['cmake', 'python']
[1.158s] Level 1:colcon.colcon_core.package_identification:_identify(/home/ubuntutbc/mtbc1_ws/src/MockTurtleBotC1/mtcb1_description/install) by extension 'cmake'
[1.158s] Level 1:colcon.colcon_core.package_identification:_identify(/home/ubuntutbc/mtbc1_ws/src/MockTurtleBotC1/mtcb1_description/install) by extension 'python'
[1.158s] Level 1:colcon.colcon_core.package_identification:_identify(/home/ubuntutbc/mtbc1_ws/src/MockTurtleBotC1/mtcb1_description/install) by extensions ['python_setup_py']
[1.158s] Level 1:colcon.colcon_core.package_identification:_identify(/home/ubuntutbc/mtbc1_ws/src/MockTurtleBotC1/mtcb1_description/install) by extension 'python_setup_py'
[1.158s] Level 1:colcon.colcon_core.package_identification:_identify(/home/ubuntutbc/mtbc1_ws/src/MockTurtleBotC1/mtcb1_description/install/sam_bot_description) by extensions ['ignore', 'ignore_ament_install']
[1.158s] Level 1:colcon.colcon_core.package_identification:_identify(/home/ubuntutbc/mtbc1_ws/src/MockTurtleBotC1/mtcb1_description/install/sam_bot_description) by extension 'ignore'
[1.158s] Level 1:colcon.colcon_core.package_identification:_identify(/home/ubuntutbc/mtbc1_ws/src/MockTurtleBotC1/mtcb1_description/install/sam_bot_description) by extension 'ignore_ament_install'
[1.158s] Level 1:colcon.colcon_core.package_identification:_identify(/home/ubuntutbc/mtbc1_ws/src/MockTurtleBotC1/mtcb1_description/install/sam_bot_description) by extensions ['colcon_pkg']
[1.158s] Level 1:colcon.colcon_core.package_identification:_identify(/home/ubuntutbc/mtbc1_ws/src/MockTurtleBotC1/mtcb1_description/install/sam_bot_description) by extension 'colcon_pkg'
[1.158s] Level 1:colcon.colcon_core.package_identification:_identify(/home/ubuntutbc/mtbc1_ws/src/MockTurtleBotC1/mtcb1_description/install/sam_bot_description) by extensions ['colcon_meta']
[1.158s] Level 1:colcon.colcon_core.package_identification:_identify(/home/ubuntutbc/mtbc1_ws/src/MockTurtleBotC1/mtcb1_description/install/sam_bot_description) by extension 'colcon_meta'
[1.158s] Level 1:colcon.colcon_core.package_identification:_identify(/home/ubuntutbc/mtbc1_ws/src/MockTurtleBotC1/mtcb1_description/install/sam_bot_description) by extensions ['ros']
[1.158s] Level 1:colcon.colcon_core.package_identification:_identify(/home/ubuntutbc/mtbc1_ws/src/MockTurtleBotC1/mtcb1_description/install/sam_bot_description) by extension 'ros'
[1.158s] Level 1:colcon.colcon_core.package_identification:_identify(/home/ubuntutbc/mtbc1_ws/src/MockTurtleBotC1/mtcb1_description/install/sam_bot_description) by extensions ['cmake', 'python']
[1.158s] Level 1:colcon.colcon_core.package_identification:_identify(/home/ubuntutbc/mtbc1_ws/src/MockTurtleBotC1/mtcb1_description/install/sam_bot_description) by extension 'cmake'
[1.158s] Level 1:colcon.colcon_core.package_identification:_identify(/home/ubuntutbc/mtbc1_ws/src/MockTurtleBotC1/mtcb1_description/install/sam_bot_description) by extension 'python'
[1.158s] Level 1:colcon.colcon_core.package_identification:_identify(/home/ubuntutbc/mtbc1_ws/src/MockTurtleBotC1/mtcb1_description/install/sam_bot_description) by extensions ['python_setup_py']
[1.158s] Level 1:colcon.colcon_core.package_identification:_identify(/home/ubuntutbc/mtbc1_ws/src/MockTurtleBotC1/mtcb1_description/install/sam_bot_description) by extension 'python_setup_py'
[1.158s] Level 1:colcon.colcon_core.package_identification:_identify(/home/ubuntutbc/mtbc1_ws/src/MockTurtleBotC1/mtcb1_description/install/sam_bot_description/share) by extensions ['ignore', 'ignore_ament_install']
[1.158s] Level 1:colcon.colcon_core.package_identification:_identify(/home/ubuntutbc/mtbc1_ws/src/MockTurtleBotC1/mtcb1_description/install/sam_bot_description/share) by extension 'ignore'
[1.159s] Level 1:colcon.colcon_core.package_identification:_identify(/home/ubuntutbc/mtbc1_ws/src/MockTurtleBotC1/mtcb1_description/install/sam_bot_description/share) by extension 'ignore_ament_install'
[1.159s] Level 1:colcon.colcon_core.package_identification:_identify(/home/ubuntutbc/mtbc1_ws/src/MockTurtleBotC1/mtcb1_description/install/sam_bot_description/share) by extensions ['colcon_pkg']
[1.159s] Level 1:colcon.colcon_core.package_identification:_identify(/home/ubuntutbc/mtbc1_ws/src/MockTurtleBotC1/mtcb1_description/install/sam_bot_description/share) by extension 'colcon_pkg'
[1.159s] Level 1:colcon.colcon_core.package_identification:_identify(/home/ubuntutbc/mtbc1_ws/src/MockTurtleBotC1/mtcb1_description/install/sam_bot_description/share) by extensions ['colcon_meta']
[1.159s] Level 1:colcon.colcon_core.package_identification:_identify(/home/ubuntutbc/mtbc1_ws/src/MockTurtleBotC1/mtcb1_description/install/sam_bot_description/share) by extension 'colcon_meta'
[1.159s] Level 1:colcon.colcon_core.package_identification:_identify(/home/ubuntutbc/mtbc1_ws/src/MockTurtleBotC1/mtcb1_description/install/sam_bot_description/share) by extensions ['ros']
[1.159s] Level 1:colcon.colcon_core.package_identification:_identify(/home/ubuntutbc/mtbc1_ws/src/MockTurtleBotC1/mtcb1_description/install/sam_bot_description/share) by extension 'ros'
[1.159s] Level 1:colcon.colcon_core.package_identification:_identify(/home/ubuntutbc/mtbc1_ws/src/MockTurtleBotC1/mtcb1_description/install/sam_bot_description/share) by extensions ['cmake', 'python']
[1.159s] Level 1:colcon.colcon_core.package_identification:_identify(/home/ubuntutbc/mtbc1_ws/src/MockTurtleBotC1/mtcb1_description/install/sam_bot_description/share) by extension 'cmake'
[1.159s] Level 1:colcon.colcon_core.package_identification:_identify(/home/ubuntutbc/mtbc1_ws/src/MockTurtleBotC1/mtcb1_description/install/sam_bot_description/share) by extension 'python'
[1.159s] Level 1:colcon.colcon_core.package_identification:_identify(/home/ubuntutbc/mtbc1_ws/src/MockTurtleBotC1/mtcb1_description/install/sam_bot_description/share) by extensions ['python_setup_py']
[1.159s] Level 1:colcon.colcon_core.package_identification:_identify(/home/ubuntutbc/mtbc1_ws/src/MockTurtleBotC1/mtcb1_description/install/sam_bot_description/share) by extension 'python_setup_py'
[1.159s] Level 1:colcon.colcon_core.package_identification:_identify(/home/ubuntutbc/mtbc1_ws/src/MockTurtleBotC1/mtcb1_description/install/sam_bot_description/share/colcon-core) by extensions ['ignore', 'ignore_ament_install']
[1.159s] Level 1:colcon.colcon_core.package_identification:_identify(/home/ubuntutbc/mtbc1_ws/src/MockTurtleBotC1/mtcb1_description/install/sam_bot_description/share/colcon-core) by extension 'ignore'
[1.159s] Level 1:colcon.colcon_core.package_identification:_identify(/home/ubuntutbc/mtbc1_ws/src/MockTurtleBotC1/mtcb1_description/install/sam_bot_description/share/colcon-core) by extension 'ignore_ament_install'
[1.159s] Level 1:colcon.colcon_core.package_identification:_identify(/home/ubuntutbc/mtbc1_ws/src/MockTurtleBotC1/mtcb1_description/install/sam_bot_description/share/colcon-core) by extensions ['colcon_pkg']
[1.159s] Level 1:colcon.colcon_core.package_identification:_identify(/home/ubuntutbc/mtbc1_ws/src/MockTurtleBotC1/mtcb1_description/install/sam_bot_description/share/colcon-core) by extension 'colcon_pkg'
[1.159s] Level 1:colcon.colcon_core.package_identification:_identify(/home/ubuntutbc/mtbc1_ws/src/MockTurtleBotC1/mtcb1_description/install/sam_bot_description/share/colcon-core) by extensions ['colcon_meta']
[1.159s] Level 1:colcon.colcon_core.package_identification:_identify(/home/ubuntutbc/mtbc1_ws/src/MockTurtleBotC1/mtcb1_description/install/sam_bot_description/share/colcon-core) by extension 'colcon_meta'
[1.159s] Level 1:colcon.colcon_core.package_identification:_identify(/home/ubuntutbc/mtbc1_ws/src/MockTurtleBotC1/mtcb1_description/install/sam_bot_description/share/colcon-core) by extensions ['ros']
[1.159s] Level 1:colcon.colcon_core.package_identification:_identify(/home/ubuntutbc/mtbc1_ws/src/MockTurtleBotC1/mtcb1_description/install/sam_bot_description/share/colcon-core) by extension 'ros'
[1.159s] Level 1:colcon.colcon_core.package_identification:_identify(/home/ubuntutbc/mtbc1_ws/src/MockTurtleBotC1/mtcb1_description/install/sam_bot_description/share/colcon-core) by extensions ['cmake', 'python']
[1.159s] Level 1:colcon.colcon_core.package_identification:_identify(/home/ubuntutbc/mtbc1_ws/src/MockTurtleBotC1/mtcb1_description/install/sam_bot_description/share/colcon-core) by extension 'cmake'
[1.159s] Level 1:colcon.colcon_core.package_identification:_identify(/home/ubuntutbc/mtbc1_ws/src/MockTurtleBotC1/mtcb1_description/install/sam_bot_description/share/colcon-core) by extension 'python'
[1.159s] Level 1:colcon.colcon_core.package_identification:_identify(/home/ubuntutbc/mtbc1_ws/src/MockTurtleBotC1/mtcb1_description/install/sam_bot_description/share/colcon-core) by extensions ['python_setup_py']
[1.159s] Level 1:colcon.colcon_core.package_identification:_identify(/home/ubuntutbc/mtbc1_ws/src/MockTurtleBotC1/mtcb1_description/install/sam_bot_description/share/colcon-core) by extension 'python_setup_py'
[1.159s] Level 1:colcon.colcon_core.package_identification:_identify(/home/ubuntutbc/mtbc1_ws/src/MockTurtleBotC1/mtcb1_description/install/sam_bot_description/share/colcon-core/packages) by extensions ['ignore', 'ignore_ament_install']
[1.159s] Level 1:colcon.colcon_core.package_identification:_identify(/home/ubuntutbc/mtbc1_ws/src/MockTurtleBotC1/mtcb1_description/install/sam_bot_description/share/colcon-core/packages) by extension 'ignore'
[1.159s] Level 1:colcon.colcon_core.package_identification:_identify(/home/ubuntutbc/mtbc1_ws/src/MockTurtleBotC1/mtcb1_description/install/sam_bot_description/share/colcon-core/packages) by extension 'ignore_ament_install'
[1.159s] Level 1:colcon.colcon_core.package_identification:_identify(/home/ubuntutbc/mtbc1_ws/src/MockTurtleBotC1/mtcb1_description/install/sam_bot_description/share/colcon-core/packages) by extensions ['colcon_pkg']
[1.159s] Level 1:colcon.colcon_core.package_identification:_identify(/home/ubuntutbc/mtbc1_ws/src/MockTurtleBotC1/mtcb1_description/install/sam_bot_description/share/colcon-core/packages) by extension 'colcon_pkg'
[1.159s] Level 1:colcon.colcon_core.package_identification:_identify(/home/ubuntutbc/mtbc1_ws/src/MockTurtleBotC1/mtcb1_description/install/sam_bot_description/share/colcon-core/packages) by extensions ['colcon_meta']
[1.159s] Level 1:colcon.colcon_core.package_identification:_identify(/home/ubuntutbc/mtbc1_ws/src/MockTurtleBotC1/mtcb1_description/install/sam_bot_description/share/colcon-core/packages) by extension 'colcon_meta'
[1.159s] Level 1:colcon.colcon_core.package_identification:_identify(/home/ubuntutbc/mtbc1_ws/src/MockTurtleBotC1/mtcb1_description/install/sam_bot_description/share/colcon-core/packages) by extensions ['ros']
[1.159s] Level 1:colcon.colcon_core.package_identification:_identify(/home/ubuntutbc/mtbc1_ws/src/MockTurtleBotC1/mtcb1_description/install/sam_bot_description/share/colcon-core/packages) by extension 'ros'
[1.160s] Level 1:colcon.colcon_core.package_identification:_identify(/home/ubuntutbc/mtbc1_ws/src/MockTurtleBotC1/mtcb1_description/install/sam_bot_description/share/colcon-core/packages) by extensions ['cmake', 'python']
[1.160s] Level 1:colcon.colcon_core.package_identification:_identify(/home/ubuntutbc/mtbc1_ws/src/MockTurtleBotC1/mtcb1_description/install/sam_bot_description/share/colcon-core/packages) by extension 'cmake'
[1.160s] Level 1:colcon.colcon_core.package_identification:_identify(/home/ubuntutbc/mtbc1_ws/src/MockTurtleBotC1/mtcb1_description/install/sam_bot_description/share/colcon-core/packages) by extension 'python'
[1.160s] Level 1:colcon.colcon_core.package_identification:_identify(/home/ubuntutbc/mtbc1_ws/src/MockTurtleBotC1/mtcb1_description/install/sam_bot_description/share/colcon-core/packages) by extensions ['python_setup_py']
[1.160s] Level 1:colcon.colcon_core.package_identification:_identify(/home/ubuntutbc/mtbc1_ws/src/MockTurtleBotC1/mtcb1_description/install/sam_bot_description/share/colcon-core/packages) by extension 'python_setup_py'
[1.160s] Level 1:colcon.colcon_core.package_identification:_identify(/home/ubuntutbc/mtbc1_ws/src/MockTurtleBotC1/mtcb1_description/install/sam_bot_description/share/sam_bot_description) by extensions ['ignore', 'ignore_ament_install']
[1.160s] Level 1:colcon.colcon_core.package_identification:_identify(/home/ubuntutbc/mtbc1_ws/src/MockTurtleBotC1/mtcb1_description/install/sam_bot_description/share/sam_bot_description) by extension 'ignore'
[1.160s] Level 1:colcon.colcon_core.package_identification:_identify(/home/ubuntutbc/mtbc1_ws/src/MockTurtleBotC1/mtcb1_description/install/sam_bot_description/share/sam_bot_description) by extension 'ignore_ament_install'
[1.160s] Level 1:colcon.colcon_core.package_identification:_identify(/home/ubuntutbc/mtbc1_ws/src/MockTurtleBotC1/mtcb1_description/install/sam_bot_description/share/sam_bot_description) by extensions ['colcon_pkg']
[1.160s] Level 1:colcon.colcon_core.package_identification:_identify(/home/ubuntutbc/mtbc1_ws/src/MockTurtleBotC1/mtcb1_description/install/sam_bot_description/share/sam_bot_description) by extension 'colcon_pkg'
[1.160s] Level 1:colcon.colcon_core.package_identification:_identify(/home/ubuntutbc/mtbc1_ws/src/MockTurtleBotC1/mtcb1_description/install/sam_bot_description/share/sam_bot_description) by extensions ['colcon_meta']
[1.160s] Level 1:colcon.colcon_core.package_identification:_identify(/home/ubuntutbc/mtbc1_ws/src/MockTurtleBotC1/mtcb1_description/install/sam_bot_description/share/sam_bot_description) by extension 'colcon_meta'
[1.160s] Level 1:colcon.colcon_core.package_identification:_identify(/home/ubuntutbc/mtbc1_ws/src/MockTurtleBotC1/mtcb1_description/install/sam_bot_description/share/sam_bot_description) by extensions ['ros']
[1.160s] Level 1:colcon.colcon_core.package_identification:_identify(/home/ubuntutbc/mtbc1_ws/src/MockTurtleBotC1/mtcb1_description/install/sam_bot_description/share/sam_bot_description) by extension 'ros'
[1.160s] Level 1:colcon.colcon_core.package_identification:_identify(/home/ubuntutbc/mtbc1_ws/src/MockTurtleBotC1/mtcb1_description/install/sam_bot_description/share/sam_bot_description) by extensions ['cmake', 'python']
[1.160s] Level 1:colcon.colcon_core.package_identification:_identify(/home/ubuntutbc/mtbc1_ws/src/MockTurtleBotC1/mtcb1_description/install/sam_bot_description/share/sam_bot_description) by extension 'cmake'
[1.160s] Level 1:colcon.colcon_core.package_identification:_identify(/home/ubuntutbc/mtbc1_ws/src/MockTurtleBotC1/mtcb1_description/install/sam_bot_description/share/sam_bot_description) by extension 'python'
[1.160s] Level 1:colcon.colcon_core.package_identification:_identify(/home/ubuntutbc/mtbc1_ws/src/MockTurtleBotC1/mtcb1_description/install/sam_bot_description/share/sam_bot_description) by extensions ['python_setup_py']
[1.160s] Level 1:colcon.colcon_core.package_identification:_identify(/home/ubuntutbc/mtbc1_ws/src/MockTurtleBotC1/mtcb1_description/install/sam_bot_description/share/sam_bot_description) by extension 'python_setup_py'
[1.160s] Level 1:colcon.colcon_core.package_identification:_identify(/home/ubuntutbc/mtbc1_ws/src/MockTurtleBotC1/mtcb1_description/install/sam_bot_description/share/sam_bot_description/src) by extensions ['ignore', 'ignore_ament_install']
[1.160s] Level 1:colcon.colcon_core.package_identification:_identify(/home/ubuntutbc/mtbc1_ws/src/MockTurtleBotC1/mtcb1_description/install/sam_bot_description/share/sam_bot_description/src) by extension 'ignore'
[1.160s] Level 1:colcon.colcon_core.package_identification:_identify(/home/ubuntutbc/mtbc1_ws/src/MockTurtleBotC1/mtcb1_description/install/sam_bot_description/share/sam_bot_description/src) by extension 'ignore_ament_install'
[1.160s] Level 1:colcon.colcon_core.package_identification:_identify(/home/ubuntutbc/mtbc1_ws/src/MockTurtleBotC1/mtcb1_description/install/sam_bot_description/share/sam_bot_description/src) by extensions ['colcon_pkg']
[1.160s] Level 1:colcon.colcon_core.package_identification:_identify(/home/ubuntutbc/mtbc1_ws/src/MockTurtleBotC1/mtcb1_description/install/sam_bot_description/share/sam_bot_description/src) by extension 'colcon_pkg'
[1.160s] Level 1:colcon.colcon_core.package_identification:_identify(/home/ubuntutbc/mtbc1_ws/src/MockTurtleBotC1/mtcb1_description/install/sam_bot_description/share/sam_bot_description/src) by extensions ['colcon_meta']
[1.160s] Level 1:colcon.colcon_core.package_identification:_identify(/home/ubuntutbc/mtbc1_ws/src/MockTurtleBotC1/mtcb1_description/install/sam_bot_description/share/sam_bot_description/src) by extension 'colcon_meta'
[1.160s] Level 1:colcon.colcon_core.package_identification:_identify(/home/ubuntutbc/mtbc1_ws/src/MockTurtleBotC1/mtcb1_description/install/sam_bot_description/share/sam_bot_description/src) by extensions ['ros']
[1.160s] Level 1:colcon.colcon_core.package_identification:_identify(/home/ubuntutbc/mtbc1_ws/src/MockTurtleBotC1/mtcb1_description/install/sam_bot_description/share/sam_bot_description/src) by extension 'ros'
[1.160s] Level 1:colcon.colcon_core.package_identification:_identify(/home/ubuntutbc/mtbc1_ws/src/MockTurtleBotC1/mtcb1_description/install/sam_bot_description/share/sam_bot_description/src) by extensions ['cmake', 'python']
[1.160s] Level 1:colcon.colcon_core.package_identification:_identify(/home/ubuntutbc/mtbc1_ws/src/MockTurtleBotC1/mtcb1_description/install/sam_bot_description/share/sam_bot_description/src) by extension 'cmake'
[1.160s] Level 1:colcon.colcon_core.package_identification:_identify(/home/ubuntutbc/mtbc1_ws/src/MockTurtleBotC1/mtcb1_description/install/sam_bot_description/share/sam_bot_description/src) by extension 'python'
[1.160s] Level 1:colcon.colcon_core.package_identification:_identify(/home/ubuntutbc/mtbc1_ws/src/MockTurtleBotC1/mtcb1_description/install/sam_bot_description/share/sam_bot_description/src) by extensions ['python_setup_py']
[1.160s] Level 1:colcon.colcon_core.package_identification:_identify(/home/ubuntutbc/mtbc1_ws/src/MockTurtleBotC1/mtcb1_description/install/sam_bot_description/share/sam_bot_description/src) by extension 'python_setup_py'
[1.160s] Level 1:colcon.colcon_core.package_identification:_identify(/home/ubuntutbc/mtbc1_ws/src/MockTurtleBotC1/mtcb1_description/install/sam_bot_description/share/sam_bot_description/src/description) by extensions ['ignore', 'ignore_ament_install']
[1.160s] Level 1:colcon.colcon_core.package_identification:_identify(/home/ubuntutbc/mtbc1_ws/src/MockTurtleBotC1/mtcb1_description/install/sam_bot_description/share/sam_bot_description/src/description) by extension 'ignore'
[1.160s] Level 1:colcon.colcon_core.package_identification:_identify(/home/ubuntutbc/mtbc1_ws/src/MockTurtleBotC1/mtcb1_description/install/sam_bot_description/share/sam_bot_description/src/description) by extension 'ignore_ament_install'
[1.161s] Level 1:colcon.colcon_core.package_identification:_identify(/home/ubuntutbc/mtbc1_ws/src/MockTurtleBotC1/mtcb1_description/install/sam_bot_description/share/sam_bot_description/src/description) by extensions ['colcon_pkg']
[1.161s] Level 1:colcon.colcon_core.package_identification:_identify(/home/ubuntutbc/mtbc1_ws/src/MockTurtleBotC1/mtcb1_description/install/sam_bot_description/share/sam_bot_description/src/description) by extension 'colcon_pkg'
[1.161s] Level 1:colcon.colcon_core.package_identification:_identify(/home/ubuntutbc/mtbc1_ws/src/MockTurtleBotC1/mtcb1_description/install/sam_bot_description/share/sam_bot_description/src/description) by extensions ['colcon_meta']
[1.161s] Level 1:colcon.colcon_core.package_identification:_identify(/home/ubuntutbc/mtbc1_ws/src/MockTurtleBotC1/mtcb1_description/install/sam_bot_description/share/sam_bot_description/src/description) by extension 'colcon_meta'
[1.161s] Level 1:colcon.colcon_core.package_identification:_identify(/home/ubuntutbc/mtbc1_ws/src/MockTurtleBotC1/mtcb1_description/install/sam_bot_description/share/sam_bot_description/src/description) by extensions ['ros']
[1.161s] Level 1:colcon.colcon_core.package_identification:_identify(/home/ubuntutbc/mtbc1_ws/src/MockTurtleBotC1/mtcb1_description/install/sam_bot_description/share/sam_bot_description/src/description) by extension 'ros'
[1.161s] Level 1:colcon.colcon_core.package_identification:_identify(/home/ubuntutbc/mtbc1_ws/src/MockTurtleBotC1/mtcb1_description/install/sam_bot_description/share/sam_bot_description/src/description) by extensions ['cmake', 'python']
[1.161s] Level 1:colcon.colcon_core.package_identification:_identify(/home/ubuntutbc/mtbc1_ws/src/MockTurtleBotC1/mtcb1_description/install/sam_bot_description/share/sam_bot_description/src/description) by extension 'cmake'
[1.161s] Level 1:colcon.colcon_core.package_identification:_identify(/home/ubuntutbc/mtbc1_ws/src/MockTurtleBotC1/mtcb1_description/install/sam_bot_description/share/sam_bot_description/src/description) by extension 'python'
[1.161s] Level 1:colcon.colcon_core.package_identification:_identify(/home/ubuntutbc/mtbc1_ws/src/MockTurtleBotC1/mtcb1_description/install/sam_bot_description/share/sam_bot_description/src/description) by extensions ['python_setup_py']
[1.161s] Level 1:colcon.colcon_core.package_identification:_identify(/home/ubuntutbc/mtbc1_ws/src/MockTurtleBotC1/mtcb1_description/install/sam_bot_description/share/sam_bot_description/src/description) by extension 'python_setup_py'
[1.161s] Level 1:colcon.colcon_core.package_identification:_identify(/home/ubuntutbc/mtbc1_ws/src/MockTurtleBotC1/mtcb1_description/launch) by extensions ['ignore', 'ignore_ament_install']
[1.161s] Level 1:colcon.colcon_core.package_identification:_identify(/home/ubuntutbc/mtbc1_ws/src/MockTurtleBotC1/mtcb1_description/launch) by extension 'ignore'
[1.161s] Level 1:colcon.colcon_core.package_identification:_identify(/home/ubuntutbc/mtbc1_ws/src/MockTurtleBotC1/mtcb1_description/launch) by extension 'ignore_ament_install'
[1.161s] Level 1:colcon.colcon_core.package_identification:_identify(/home/ubuntutbc/mtbc1_ws/src/MockTurtleBotC1/mtcb1_description/launch) by extensions ['colcon_pkg']
[1.161s] Level 1:colcon.colcon_core.package_identification:_identify(/home/ubuntutbc/mtbc1_ws/src/MockTurtleBotC1/mtcb1_description/launch) by extension 'colcon_pkg'
[1.161s] Level 1:colcon.colcon_core.package_identification:_identify(/home/ubuntutbc/mtbc1_ws/src/MockTurtleBotC1/mtcb1_description/launch) by extensions ['colcon_meta']
[1.161s] Level 1:colcon.colcon_core.package_identification:_identify(/home/ubuntutbc/mtbc1_ws/src/MockTurtleBotC1/mtcb1_description/launch) by extension 'colcon_meta'
[1.161s] Level 1:colcon.colcon_core.package_identification:_identify(/home/ubuntutbc/mtbc1_ws/src/MockTurtleBotC1/mtcb1_description/launch) by extensions ['ros']
[1.161s] Level 1:colcon.colcon_core.package_identification:_identify(/home/ubuntutbc/mtbc1_ws/src/MockTurtleBotC1/mtcb1_description/launch) by extension 'ros'
[1.161s] Level 1:colcon.colcon_core.package_identification:_identify(/home/ubuntutbc/mtbc1_ws/src/MockTurtleBotC1/mtcb1_description/launch) by extensions ['cmake', 'python']
[1.161s] Level 1:colcon.colcon_core.package_identification:_identify(/home/ubuntutbc/mtbc1_ws/src/MockTurtleBotC1/mtcb1_description/launch) by extension 'cmake'
[1.161s] Level 1:colcon.colcon_core.package_identification:_identify(/home/ubuntutbc/mtbc1_ws/src/MockTurtleBotC1/mtcb1_description/launch) by extension 'python'
[1.161s] Level 1:colcon.colcon_core.package_identification:_identify(/home/ubuntutbc/mtbc1_ws/src/MockTurtleBotC1/mtcb1_description/launch) by extensions ['python_setup_py']
[1.161s] Level 1:colcon.colcon_core.package_identification:_identify(/home/ubuntutbc/mtbc1_ws/src/MockTurtleBotC1/mtcb1_description/launch) by extension 'python_setup_py'
[1.161s] Level 1:colcon.colcon_core.package_identification:_identify(/home/ubuntutbc/mtbc1_ws/src/MockTurtleBotC1/mtcb1_description/log) by extensions ['ignore', 'ignore_ament_install']
[1.161s] Level 1:colcon.colcon_core.package_identification:_identify(/home/ubuntutbc/mtbc1_ws/src/MockTurtleBotC1/mtcb1_description/log) by extension 'ignore'
[1.161s] Level 1:colcon.colcon_core.package_identification:_identify(/home/ubuntutbc/mtbc1_ws/src/MockTurtleBotC1/mtcb1_description/log) ignored
[1.161s] Level 1:colcon.colcon_core.package_identification:_identify(/home/ubuntutbc/mtbc1_ws/src/MockTurtleBotC1/mtcb1_description/rviz) by extensions ['ignore', 'ignore_ament_install']
[1.161s] Level 1:colcon.colcon_core.package_identification:_identify(/home/ubuntutbc/mtbc1_ws/src/MockTurtleBotC1/mtcb1_description/rviz) by extension 'ignore'
[1.161s] Level 1:colcon.colcon_core.package_identification:_identify(/home/ubuntutbc/mtbc1_ws/src/MockTurtleBotC1/mtcb1_description/rviz) by extension 'ignore_ament_install'
[1.161s] Level 1:colcon.colcon_core.package_identification:_identify(/home/ubuntutbc/mtbc1_ws/src/MockTurtleBotC1/mtcb1_description/rviz) by extensions ['colcon_pkg']
[1.161s] Level 1:colcon.colcon_core.package_identification:_identify(/home/ubuntutbc/mtbc1_ws/src/MockTurtleBotC1/mtcb1_description/rviz) by extension 'colcon_pkg'
[1.161s] Level 1:colcon.colcon_core.package_identification:_identify(/home/ubuntutbc/mtbc1_ws/src/MockTurtleBotC1/mtcb1_description/rviz) by extensions ['colcon_meta']
[1.162s] Level 1:colcon.colcon_core.package_identification:_identify(/home/ubuntutbc/mtbc1_ws/src/MockTurtleBotC1/mtcb1_description/rviz) by extension 'colcon_meta'
[1.162s] Level 1:colcon.colcon_core.package_identification:_identify(/home/ubuntutbc/mtbc1_ws/src/MockTurtleBotC1/mtcb1_description/rviz) by extensions ['ros']
[1.162s] Level 1:colcon.colcon_core.package_identification:_identify(/home/ubuntutbc/mtbc1_ws/src/MockTurtleBotC1/mtcb1_description/rviz) by extension 'ros'
[1.162s] Level 1:colcon.colcon_core.package_identification:_identify(/home/ubuntutbc/mtbc1_ws/src/MockTurtleBotC1/mtcb1_description/rviz) by extensions ['cmake', 'python']
[1.162s] Level 1:colcon.colcon_core.package_identification:_identify(/home/ubuntutbc/mtbc1_ws/src/MockTurtleBotC1/mtcb1_description/rviz) by extension 'cmake'
[1.162s] Level 1:colcon.colcon_core.package_identification:_identify(/home/ubuntutbc/mtbc1_ws/src/MockTurtleBotC1/mtcb1_description/rviz) by extension 'python'
[1.162s] Level 1:colcon.colcon_core.package_identification:_identify(/home/ubuntutbc/mtbc1_ws/src/MockTurtleBotC1/mtcb1_description/rviz) by extensions ['python_setup_py']
[1.162s] Level 1:colcon.colcon_core.package_identification:_identify(/home/ubuntutbc/mtbc1_ws/src/MockTurtleBotC1/mtcb1_description/rviz) by extension 'python_setup_py'
[1.163s] Level 1:colcon.colcon_core.package_identification:_identify(/home/ubuntutbc/mtbc1_ws/src/MockTurtleBotC1/mtcb1_description/src) by extensions ['ignore', 'ignore_ament_install']
[1.163s] Level 1:colcon.colcon_core.package_identification:_identify(/home/ubuntutbc/mtbc1_ws/src/MockTurtleBotC1/mtcb1_description/src) by extension 'ignore'
[1.163s] Level 1:colcon.colcon_core.package_identification:_identify(/home/ubuntutbc/mtbc1_ws/src/MockTurtleBotC1/mtcb1_description/src) by extension 'ignore_ament_install'
[1.163s] Level 1:colcon.colcon_core.package_identification:_identify(/home/ubuntutbc/mtbc1_ws/src/MockTurtleBotC1/mtcb1_description/src) by extensions ['colcon_pkg']
[1.163s] Level 1:colcon.colcon_core.package_identification:_identify(/home/ubuntutbc/mtbc1_ws/src/MockTurtleBotC1/mtcb1_description/src) by extension 'colcon_pkg'
[1.163s] Level 1:colcon.colcon_core.package_identification:_identify(/home/ubuntutbc/mtbc1_ws/src/MockTurtleBotC1/mtcb1_description/src) by extensions ['colcon_meta']
[1.163s] Level 1:colcon.colcon_core.package_identification:_identify(/home/ubuntutbc/mtbc1_ws/src/MockTurtleBotC1/mtcb1_description/src) by extension 'colcon_meta'
[1.163s] Level 1:colcon.colcon_core.package_identification:_identify(/home/ubuntutbc/mtbc1_ws/src/MockTurtleBotC1/mtcb1_description/src) by extensions ['ros']
[1.163s] Level 1:colcon.colcon_core.package_identification:_identify(/home/ubuntutbc/mtbc1_ws/src/MockTurtleBotC1/mtcb1_description/src) by extension 'ros'
[1.163s] Level 1:colcon.colcon_core.package_identification:_identify(/home/ubuntutbc/mtbc1_ws/src/MockTurtleBotC1/mtcb1_description/src) by extensions ['cmake', 'python']
[1.163s] Level 1:colcon.colcon_core.package_identification:_identify(/home/ubuntutbc/mtbc1_ws/src/MockTurtleBotC1/mtcb1_description/src) by extension 'cmake'
[1.163s] Level 1:colcon.colcon_core.package_identification:_identify(/home/ubuntutbc/mtbc1_ws/src/MockTurtleBotC1/mtcb1_description/src) by extension 'python'
[1.163s] Level 1:colcon.colcon_core.package_identification:_identify(/home/ubuntutbc/mtbc1_ws/src/MockTurtleBotC1/mtcb1_description/src) by extensions ['python_setup_py']
[1.163s] Level 1:colcon.colcon_core.package_identification:_identify(/home/ubuntutbc/mtbc1_ws/src/MockTurtleBotC1/mtcb1_description/src) by extension 'python_setup_py'
[1.164s] Level 1:colcon.colcon_core.package_identification:_identify(/home/ubuntutbc/mtbc1_ws/src/MockTurtleBotC1/mtcb1_description/src/description) by extensions ['ignore', 'ignore_ament_install']
[1.164s] Level 1:colcon.colcon_core.package_identification:_identify(/home/ubuntutbc/mtbc1_ws/src/MockTurtleBotC1/mtcb1_description/src/description) by extension 'ignore'
[1.164s] Level 1:colcon.colcon_core.package_identification:_identify(/home/ubuntutbc/mtbc1_ws/src/MockTurtleBotC1/mtcb1_description/src/description) by extension 'ignore_ament_install'
[1.164s] Level 1:colcon.colcon_core.package_identification:_identify(/home/ubuntutbc/mtbc1_ws/src/MockTurtleBotC1/mtcb1_description/src/description) by extensions ['colcon_pkg']
[1.164s] Level 1:colcon.colcon_core.package_identification:_identify(/home/ubuntutbc/mtbc1_ws/src/MockTurtleBotC1/mtcb1_description/src/description) by extension 'colcon_pkg'
[1.164s] Level 1:colcon.colcon_core.package_identification:_identify(/home/ubuntutbc/mtbc1_ws/src/MockTurtleBotC1/mtcb1_description/src/description) by extensions ['colcon_meta']
[1.164s] Level 1:colcon.colcon_core.package_identification:_identify(/home/ubuntutbc/mtbc1_ws/src/MockTurtleBotC1/mtcb1_description/src/description) by extension 'colcon_meta'
[1.164s] Level 1:colcon.colcon_core.package_identification:_identify(/home/ubuntutbc/mtbc1_ws/src/MockTurtleBotC1/mtcb1_description/src/description) by extensions ['ros']
[1.164s] Level 1:colcon.colcon_core.package_identification:_identify(/home/ubuntutbc/mtbc1_ws/src/MockTurtleBotC1/mtcb1_description/src/description) by extension 'ros'
[1.164s] Level 1:colcon.colcon_core.package_identification:_identify(/home/ubuntutbc/mtbc1_ws/src/MockTurtleBotC1/mtcb1_description/src/description) by extensions ['cmake', 'python']
[1.164s] Level 1:colcon.colcon_core.package_identification:_identify(/home/ubuntutbc/mtbc1_ws/src/MockTurtleBotC1/mtcb1_description/src/description) by extension 'cmake'
[1.164s] Level 1:colcon.colcon_core.package_identification:_identify(/home/ubuntutbc/mtbc1_ws/src/MockTurtleBotC1/mtcb1_description/src/description) by extension 'python'
[1.164s] Level 1:colcon.colcon_core.package_identification:_identify(/home/ubuntutbc/mtbc1_ws/src/MockTurtleBotC1/mtcb1_description/src/description) by extensions ['python_setup_py']
[1.164s] Level 1:colcon.colcon_core.package_identification:_identify(/home/ubuntutbc/mtbc1_ws/src/MockTurtleBotC1/mtcb1_description/src/description) by extension 'python_setup_py'
[1.164s] Level 1:colcon.colcon_core.package_discovery:discover_packages(recursive) using defaults
