[0.607s] DEBUG:colcon:Command line arguments: ['/usr/bin/colcon', 'build']
[0.608s] DEBUG:colcon:Parsed command line arguments: Namespace(log_base=None, log_level=None, verb_name='build', build_base='build', install_base='install', merge_install=False, symlink_install=False, test_result_base=None, continue_on_error=False, executor='parallel', parallel_workers=4, event_handlers=None, ignore_user_meta=False, metas=['./colcon.meta'], base_paths=['.'], packages_ignore=None, packages_ignore_regex=None, paths=None, packages_up_to=None, packages_up_to_regex=None, packages_above=None, packages_above_and_dependencies=None, packages_above_depth=None, packages_select_by_dep=None, packages_skip_by_dep=None, packages_skip_up_to=None, packages_select_build_failed=False, packages_skip_build_finished=False, packages_select_test_failures=False, packages_skip_test_passed=False, packages_select=None, packages_skip=None, packages_select_regex=None, packages_skip_regex=None, packages_start=None, packages_end=None, allow_overriding=[], cmake_args=None, cmake_target=None, cmake_target_skip_unavailable=False, cmake_clean_cache=False, cmake_clean_first=False, cmake_force_configure=False, ament_cmake_args=None, catkin_cmake_args=None, catkin_skip_building_tests=False, mixin_files=None, mixin=None, verb_parser=<colcon_mixin.mixin.mixin_argument.MixinArgumentDecorator object at 0xffff8b8db7c0>, verb_extension=<colcon_core.verb.build.BuildVerb object at 0xffff8b8db250>, main=<bound method BuildVerb.main of <colcon_core.verb.build.BuildVerb object at 0xffff8b8db250>>, mixin_verb=('build',))
[1.429s] Level 1:colcon.colcon_core.package_discovery:discover_packages(colcon_meta) check parameters
[1.429s] Level 1:colcon.colcon_core.package_discovery:discover_packages(recursive) check parameters
[1.430s] Level 1:colcon.colcon_core.package_discovery:discover_packages(ignore) check parameters
[1.430s] Level 1:colcon.colcon_core.package_discovery:discover_packages(path) check parameters
[1.430s] Level 1:colcon.colcon_core.package_discovery:discover_packages(colcon_meta) discover
[1.430s] Level 1:colcon.colcon_core.package_discovery:discover_packages(recursive) discover
[1.430s] INFO:colcon.colcon_core.package_discovery:Crawling recursively for packages in '/home/ubuntu/mtbc1_ws/src/MockTurtleBotC1-Robot/mtbc1_description'
[1.431s] Level 1:colcon.colcon_core.package_identification:_identify(.) by extensions ['ignore', 'ignore_ament_install']
[1.431s] Level 1:colcon.colcon_core.package_identification:_identify(.) by extension 'ignore'
[1.431s] Level 1:colcon.colcon_core.package_identification:_identify(.) by extension 'ignore_ament_install'
[1.431s] Level 1:colcon.colcon_core.package_identification:_identify(.) by extensions ['colcon_pkg']
[1.432s] Level 1:colcon.colcon_core.package_identification:_identify(.) by extension 'colcon_pkg'
[1.432s] Level 1:colcon.colcon_core.package_identification:_identify(.) by extensions ['colcon_meta']
[1.432s] Level 1:colcon.colcon_core.package_identification:_identify(.) by extension 'colcon_meta'
[1.432s] Level 1:colcon.colcon_core.package_identification:_identify(.) by extensions ['ros']
[1.432s] Level 1:colcon.colcon_core.package_identification:_identify(.) by extension 'ros'
[1.541s] DEBUG:colcon.colcon_core.package_identification:Package '.' with type 'ros.ament_cmake' and name 'mtbc1_description'
[1.541s] Level 1:colcon.colcon_core.package_discovery:discover_packages(recursive) using defaults
[1.542s] Level 1:colcon.colcon_core.package_discovery:discover_packages(ignore) discover
[1.542s] Level 1:colcon.colcon_core.package_discovery:discover_packages(ignore) using defaults
[1.542s] Level 1:colcon.colcon_core.package_discovery:discover_packages(path) discover
[1.542s] Level 1:colcon.colcon_core.package_discovery:discover_packages(path) using defaults
[1.620s] Level 1:colcon.colcon_core.package_discovery:discover_packages(prefix_path) check parameters
[1.620s] Level 1:colcon.colcon_core.package_discovery:discover_packages(prefix_path) discover
[1.634s] DEBUG:colcon.colcon_installed_package_information.package_discovery:Found 4 installed packages in /home/ubuntu/mtbc1_ws/install
[1.638s] DEBUG:colcon.colcon_installed_package_information.package_discovery:Found 0 installed packages in /home/ubuntu/create_ws/install
[1.640s] DEBUG:colcon.colcon_installed_package_information.package_discovery:Found 0 installed packages in /home/ubuntu/turtle_ws/install
[1.650s] DEBUG:colcon.colcon_installed_package_information.package_discovery:Found 267 installed packages in /opt/ros/humble
[1.656s] Level 1:colcon.colcon_core.package_discovery:discover_packages(prefix_path) using defaults
[1.838s] Level 5:colcon.colcon_core.verb:set package 'mtbc1_description' build argument 'cmake_args' from command line to 'None'
[1.839s] Level 5:colcon.colcon_core.verb:set package 'mtbc1_description' build argument 'cmake_target' from command line to 'None'
[1.839s] Level 5:colcon.colcon_core.verb:set package 'mtbc1_description' build argument 'cmake_target_skip_unavailable' from command line to 'False'
[1.840s] Level 5:colcon.colcon_core.verb:set package 'mtbc1_description' build argument 'cmake_clean_cache' from command line to 'False'
[1.840s] Level 5:colcon.colcon_core.verb:set package 'mtbc1_description' build argument 'cmake_clean_first' from command line to 'False'
[1.840s] Level 5:colcon.colcon_core.verb:set package 'mtbc1_description' build argument 'cmake_force_configure' from command line to 'False'
[1.840s] Level 5:colcon.colcon_core.verb:set package 'mtbc1_description' build argument 'ament_cmake_args' from command line to 'None'
[1.841s] Level 5:colcon.colcon_core.verb:set package 'mtbc1_description' build argument 'catkin_cmake_args' from command line to 'None'
[1.841s] Level 5:colcon.colcon_core.verb:set package 'mtbc1_description' build argument 'catkin_skip_building_tests' from command line to 'False'
[1.841s] DEBUG:colcon.colcon_core.verb:Building package 'mtbc1_description' with the following arguments: {'ament_cmake_args': None, 'build_base': '/home/ubuntu/mtbc1_ws/src/MockTurtleBotC1-Robot/mtbc1_description/build/mtbc1_description', 'catkin_cmake_args': None, 'catkin_skip_building_tests': False, 'cmake_args': None, 'cmake_clean_cache': False, 'cmake_clean_first': False, 'cmake_force_configure': False, 'cmake_target': None, 'cmake_target_skip_unavailable': False, 'install_base': '/home/ubuntu/mtbc1_ws/src/MockTurtleBotC1-Robot/mtbc1_description/install/mtbc1_description', 'merge_install': False, 'path': '/home/ubuntu/mtbc1_ws/src/MockTurtleBotC1-Robot/mtbc1_description', 'symlink_install': False, 'test_result_base': None}
[1.842s] INFO:colcon.colcon_core.executor:Executing jobs using 'parallel' executor
[1.847s] DEBUG:colcon.colcon_parallel_executor.executor.parallel:run_until_complete
[1.848s] INFO:colcon.colcon_ros.task.ament_cmake.build:Building ROS package in '/home/ubuntu/mtbc1_ws/src/MockTurtleBotC1-Robot/mtbc1_description' with build type 'ament_cmake'
[1.849s] INFO:colcon.colcon_cmake.task.cmake.build:Building CMake package in '/home/ubuntu/mtbc1_ws/src/MockTurtleBotC1-Robot/mtbc1_description'
[1.870s] INFO:colcon.colcon_core.plugin_system:Skipping extension 'colcon_core.shell.bat': Not used on non-Windows systems
[1.871s] INFO:colcon.colcon_core.shell:Skip shell extension 'powershell' for command environment: Not usable outside of PowerShell
[1.871s] DEBUG:colcon.colcon_core.shell:Skip shell extension 'dsv' for command environment
[1.926s] DEBUG:colcon.colcon_core.event_handler.log_command:Invoking command in '/home/ubuntu/mtbc1_ws/src/MockTurtleBotC1-Robot/mtbc1_description/build/mtbc1_description': CMAKE_PREFIX_PATH=${CMAKE_PREFIX_PATH}:/opt/ros/humble /usr/bin/cmake /home/ubuntu/mtbc1_ws/src/MockTurtleBotC1-Robot/mtbc1_description -DCMAKE_INSTALL_PREFIX=/home/ubuntu/mtbc1_ws/src/MockTurtleBotC1-Robot/mtbc1_description/install/mtbc1_description
[5.924s] DEBUG:colcon.colcon_core.event_handler.log_command:Invoked command in '/home/ubuntu/mtbc1_ws/src/MockTurtleBotC1-Robot/mtbc1_description/build/mtbc1_description' returned '0': CMAKE_PREFIX_PATH=${CMAKE_PREFIX_PATH}:/opt/ros/humble /usr/bin/cmake /home/ubuntu/mtbc1_ws/src/MockTurtleBotC1-Robot/mtbc1_description -DCMAKE_INSTALL_PREFIX=/home/ubuntu/mtbc1_ws/src/MockTurtleBotC1-Robot/mtbc1_description/install/mtbc1_description
[5.935s] DEBUG:colcon.colcon_core.event_handler.log_command:Invoking command in '/home/ubuntu/mtbc1_ws/src/MockTurtleBotC1-Robot/mtbc1_description/build/mtbc1_description': CMAKE_PREFIX_PATH=${CMAKE_PREFIX_PATH}:/opt/ros/humble /usr/bin/cmake --build /home/ubuntu/mtbc1_ws/src/MockTurtleBotC1-Robot/mtbc1_description/build/mtbc1_description -- -j4 -l4
[6.090s] DEBUG:colcon.colcon_core.event_handler.log_command:Invoked command in '/home/ubuntu/mtbc1_ws/src/MockTurtleBotC1-Robot/mtbc1_description/build/mtbc1_description' returned '0': CMAKE_PREFIX_PATH=${CMAKE_PREFIX_PATH}:/opt/ros/humble /usr/bin/cmake --build /home/ubuntu/mtbc1_ws/src/MockTurtleBotC1-Robot/mtbc1_description/build/mtbc1_description -- -j4 -l4
[6.242s] DEBUG:colcon.colcon_core.event_handler.log_command:Invoking command in '/home/ubuntu/mtbc1_ws/src/MockTurtleBotC1-Robot/mtbc1_description/build/mtbc1_description': CMAKE_PREFIX_PATH=${CMAKE_PREFIX_PATH}:/opt/ros/humble /usr/bin/cmake --install /home/ubuntu/mtbc1_ws/src/MockTurtleBotC1-Robot/mtbc1_description/build/mtbc1_description
[6.863s] Level 1:colcon.colcon_core.environment:create_environment_scripts_only(mtbc1_description)
[6.865s] DEBUG:colcon.colcon_core.event_handler.log_command:Invoked command in '/home/ubuntu/mtbc1_ws/src/MockTurtleBotC1-Robot/mtbc1_description/build/mtbc1_description' returned '0': CMAKE_PREFIX_PATH=${CMAKE_PREFIX_PATH}:/opt/ros/humble /usr/bin/cmake --install /home/ubuntu/mtbc1_ws/src/MockTurtleBotC1-Robot/mtbc1_description/build/mtbc1_description
[6.890s] Level 1:colcon.colcon_core.environment:checking '/home/ubuntu/mtbc1_ws/src/MockTurtleBotC1-Robot/mtbc1_description/install/mtbc1_description' for CMake module files
[6.894s] Level 1:colcon.colcon_core.environment:checking '/home/ubuntu/mtbc1_ws/src/MockTurtleBotC1-Robot/mtbc1_description/install/mtbc1_description' for CMake config files
[6.897s] Level 1:colcon.colcon_core.shell:create_environment_hook('mtbc1_description', 'cmake_prefix_path')
[6.898s] INFO:colcon.colcon_core.shell:Creating environment hook '/home/ubuntu/mtbc1_ws/src/MockTurtleBotC1-Robot/mtbc1_description/install/mtbc1_description/share/mtbc1_description/hook/cmake_prefix_path.ps1'
[6.903s] INFO:colcon.colcon_core.shell:Creating environment descriptor '/home/ubuntu/mtbc1_ws/src/MockTurtleBotC1-Robot/mtbc1_description/install/mtbc1_description/share/mtbc1_description/hook/cmake_prefix_path.dsv'
[6.907s] INFO:colcon.colcon_core.shell:Creating environment hook '/home/ubuntu/mtbc1_ws/src/MockTurtleBotC1-Robot/mtbc1_description/install/mtbc1_description/share/mtbc1_description/hook/cmake_prefix_path.sh'
[6.912s] Level 1:colcon.colcon_core.environment:checking '/home/ubuntu/mtbc1_ws/src/MockTurtleBotC1-Robot/mtbc1_description/install/mtbc1_description/bin'
[6.912s] Level 1:colcon.colcon_core.environment:checking '/home/ubuntu/mtbc1_ws/src/MockTurtleBotC1-Robot/mtbc1_description/install/mtbc1_description/lib/pkgconfig/mtbc1_description.pc'
[6.913s] Level 1:colcon.colcon_core.environment:checking '/home/ubuntu/mtbc1_ws/src/MockTurtleBotC1-Robot/mtbc1_description/install/mtbc1_description/lib/python3.10/site-packages'
[6.914s] Level 1:colcon.colcon_core.environment:checking '/home/ubuntu/mtbc1_ws/src/MockTurtleBotC1-Robot/mtbc1_description/install/mtbc1_description/bin'
[6.915s] INFO:colcon.colcon_core.shell:Creating package script '/home/ubuntu/mtbc1_ws/src/MockTurtleBotC1-Robot/mtbc1_description/install/mtbc1_description/share/mtbc1_description/package.ps1'
[6.920s] INFO:colcon.colcon_core.shell:Creating package descriptor '/home/ubuntu/mtbc1_ws/src/MockTurtleBotC1-Robot/mtbc1_description/install/mtbc1_description/share/mtbc1_description/package.dsv'
[6.923s] INFO:colcon.colcon_core.shell:Creating package script '/home/ubuntu/mtbc1_ws/src/MockTurtleBotC1-Robot/mtbc1_description/install/mtbc1_description/share/mtbc1_description/package.sh'
[7.004s] INFO:colcon.colcon_core.shell:Creating package script '/home/ubuntu/mtbc1_ws/src/MockTurtleBotC1-Robot/mtbc1_description/install/mtbc1_description/share/mtbc1_description/package.bash'
[7.011s] INFO:colcon.colcon_core.shell:Creating package script '/home/ubuntu/mtbc1_ws/src/MockTurtleBotC1-Robot/mtbc1_description/install/mtbc1_description/share/mtbc1_description/package.zsh'
[7.015s] Level 1:colcon.colcon_core.environment:create_file_with_runtime_dependencies(/home/ubuntu/mtbc1_ws/src/MockTurtleBotC1-Robot/mtbc1_description/install/mtbc1_description/share/colcon-core/packages/mtbc1_description)
[7.131s] Level 1:colcon.colcon_core.environment:create_environment_scripts_only(mtbc1_description)
[7.133s] Level 1:colcon.colcon_core.environment:checking '/home/ubuntu/mtbc1_ws/src/MockTurtleBotC1-Robot/mtbc1_description/install/mtbc1_description' for CMake module files
[7.137s] Level 1:colcon.colcon_core.environment:checking '/home/ubuntu/mtbc1_ws/src/MockTurtleBotC1-Robot/mtbc1_description/install/mtbc1_description' for CMake config files
[7.140s] Level 1:colcon.colcon_core.shell:create_environment_hook('mtbc1_description', 'cmake_prefix_path')
[7.141s] INFO:colcon.colcon_core.shell:Creating environment hook '/home/ubuntu/mtbc1_ws/src/MockTurtleBotC1-Robot/mtbc1_description/install/mtbc1_description/share/mtbc1_description/hook/cmake_prefix_path.ps1'
[7.143s] INFO:colcon.colcon_core.shell:Creating environment descriptor '/home/ubuntu/mtbc1_ws/src/MockTurtleBotC1-Robot/mtbc1_description/install/mtbc1_description/share/mtbc1_description/hook/cmake_prefix_path.dsv'
[7.145s] INFO:colcon.colcon_core.shell:Creating environment hook '/home/ubuntu/mtbc1_ws/src/MockTurtleBotC1-Robot/mtbc1_description/install/mtbc1_description/share/mtbc1_description/hook/cmake_prefix_path.sh'
[7.148s] Level 1:colcon.colcon_core.environment:checking '/home/ubuntu/mtbc1_ws/src/MockTurtleBotC1-Robot/mtbc1_description/install/mtbc1_description/bin'
[7.148s] Level 1:colcon.colcon_core.environment:checking '/home/ubuntu/mtbc1_ws/src/MockTurtleBotC1-Robot/mtbc1_description/install/mtbc1_description/lib/pkgconfig/mtbc1_description.pc'
[7.149s] Level 1:colcon.colcon_core.environment:checking '/home/ubuntu/mtbc1_ws/src/MockTurtleBotC1-Robot/mtbc1_description/install/mtbc1_description/lib/python3.10/site-packages'
[7.150s] Level 1:colcon.colcon_core.environment:checking '/home/ubuntu/mtbc1_ws/src/MockTurtleBotC1-Robot/mtbc1_description/install/mtbc1_description/bin'
[7.151s] INFO:colcon.colcon_core.shell:Creating package script '/home/ubuntu/mtbc1_ws/src/MockTurtleBotC1-Robot/mtbc1_description/install/mtbc1_description/share/mtbc1_description/package.ps1'
[7.154s] INFO:colcon.colcon_core.shell:Creating package descriptor '/home/ubuntu/mtbc1_ws/src/MockTurtleBotC1-Robot/mtbc1_description/install/mtbc1_description/share/mtbc1_description/package.dsv'
[7.156s] INFO:colcon.colcon_core.shell:Creating package script '/home/ubuntu/mtbc1_ws/src/MockTurtleBotC1-Robot/mtbc1_description/install/mtbc1_description/share/mtbc1_description/package.sh'
[7.158s] INFO:colcon.colcon_core.shell:Creating package script '/home/ubuntu/mtbc1_ws/src/MockTurtleBotC1-Robot/mtbc1_description/install/mtbc1_description/share/mtbc1_description/package.bash'
[7.160s] INFO:colcon.colcon_core.shell:Creating package script '/home/ubuntu/mtbc1_ws/src/MockTurtleBotC1-Robot/mtbc1_description/install/mtbc1_description/share/mtbc1_description/package.zsh'
[7.161s] Level 1:colcon.colcon_core.environment:create_file_with_runtime_dependencies(/home/ubuntu/mtbc1_ws/src/MockTurtleBotC1-Robot/mtbc1_description/install/mtbc1_description/share/colcon-core/packages/mtbc1_description)
[7.163s] DEBUG:colcon.colcon_parallel_executor.executor.parallel:closing loop
[7.164s] DEBUG:colcon.colcon_parallel_executor.executor.parallel:loop closed
[7.164s] DEBUG:colcon.colcon_parallel_executor.executor.parallel:run_until_complete finished with '0'
[7.165s] DEBUG:colcon.colcon_core.event_reactor:joining thread
[7.382s] INFO:colcon.colcon_core.plugin_system:Skipping extension 'colcon_notification.desktop_notification.terminal_notifier': Not used on non-Darwin systems
[7.382s] INFO:colcon.colcon_core.plugin_system:Skipping extension 'colcon_notification.desktop_notification.win32': Not used on non-Windows systems
[7.383s] INFO:colcon.colcon_notification.desktop_notification:Sending desktop notification using 'notify2'
[7.524s] DEBUG:colcon.colcon_core.event_reactor:joined thread
[7.526s] INFO:colcon.colcon_core.shell:Creating prefix script '/home/ubuntu/mtbc1_ws/src/MockTurtleBotC1-Robot/mtbc1_description/install/local_setup.ps1'
[7.532s] INFO:colcon.colcon_core.shell:Creating prefix util module '/home/ubuntu/mtbc1_ws/src/MockTurtleBotC1-Robot/mtbc1_description/install/_local_setup_util_ps1.py'
[7.541s] INFO:colcon.colcon_core.shell:Creating prefix chain script '/home/ubuntu/mtbc1_ws/src/MockTurtleBotC1-Robot/mtbc1_description/install/setup.ps1'
[7.551s] INFO:colcon.colcon_core.shell:Creating prefix script '/home/ubuntu/mtbc1_ws/src/MockTurtleBotC1-Robot/mtbc1_description/install/local_setup.sh'
[7.555s] INFO:colcon.colcon_core.shell:Creating prefix util module '/home/ubuntu/mtbc1_ws/src/MockTurtleBotC1-Robot/mtbc1_description/install/_local_setup_util_sh.py'
[7.558s] INFO:colcon.colcon_core.shell:Creating prefix chain script '/home/ubuntu/mtbc1_ws/src/MockTurtleBotC1-Robot/mtbc1_description/install/setup.sh'
[7.568s] INFO:colcon.colcon_core.shell:Creating prefix script '/home/ubuntu/mtbc1_ws/src/MockTurtleBotC1-Robot/mtbc1_description/install/local_setup.bash'
[7.572s] INFO:colcon.colcon_core.shell:Creating prefix chain script '/home/ubuntu/mtbc1_ws/src/MockTurtleBotC1-Robot/mtbc1_description/install/setup.bash'
[7.580s] INFO:colcon.colcon_core.shell:Creating prefix script '/home/ubuntu/mtbc1_ws/src/MockTurtleBotC1-Robot/mtbc1_description/install/local_setup.zsh'
[7.584s] INFO:colcon.colcon_core.shell:Creating prefix chain script '/home/ubuntu/mtbc1_ws/src/MockTurtleBotC1-Robot/mtbc1_description/install/setup.zsh'
